<?xml version="1.0" encoding="UTF-8"?>
<coverage generated="1780349295097" clover="3.2.0">
  <project timestamp="1780349295097" name="All files">
    <metrics statements="319" coveredstatements="223" conditionals="276" coveredconditionals="198" methods="70" coveredmethods="50" elements="665" coveredelements="471" complexity="0" loc="319" ncloc="319" packages="1" files="8" classes="8"/>
    <file name="animacao.js" path="/Users/hamonvitorino/workspace/cartola-elifoot/public/js/animacao.js">
      <metrics statements="62" coveredstatements="57" conditionals="37" coveredconditionals="29" methods="13" coveredmethods="13"/>
      <line num="5" count="1" type="stmt"/>
      <line num="12" count="1" type="stmt"/>
      <line num="18" count="1" type="stmt"/>
      <line num="19" count="1" type="stmt"/>
      <line num="27" count="5" type="cond" truecount="4" falsecount="0"/>
      <line num="28" count="3" type="stmt"/>
      <line num="40" count="7" type="stmt"/>
      <line num="41" count="7" type="cond" truecount="4" falsecount="0"/>
      <line num="42" count="2" type="stmt"/>
      <line num="43" count="2" type="stmt"/>
      <line num="46" count="5" type="cond" truecount="2" falsecount="0"/>
      <line num="47" count="5" type="cond" truecount="1" falsecount="1"/>
      <line num="48" count="5" type="stmt"/>
      <line num="49" count="5" type="cond" truecount="2" falsecount="0"/>
      <line num="52" count="5" type="stmt"/>
      <line num="53" count="5" type="stmt"/>
      <line num="56" count="5" type="cond" truecount="1" falsecount="1"/>
      <line num="57" count="5" type="stmt"/>
      <line num="61" count="5" type="stmt"/>
      <line num="62" count="5" type="stmt"/>
      <line num="65" count="5" type="stmt"/>
      <line num="66" count="5" type="cond" truecount="3" falsecount="1"/>
      <line num="67" count="0" type="stmt"/>
      <line num="68" count="0" type="stmt"/>
      <line num="71" count="5" type="stmt"/>
      <line num="72" count="5" type="stmt"/>
      <line num="74" count="5" type="stmt"/>
      <line num="75" count="24" type="cond" truecount="3" falsecount="1"/>
      <line num="76" count="0" type="stmt"/>
      <line num="77" count="0" type="stmt"/>
      <line num="80" count="24" type="cond" truecount="2" falsecount="0"/>
      <line num="81" count="19" type="stmt"/>
      <line num="82" count="19" type="stmt"/>
      <line num="83" count="19" type="stmt"/>
      <line num="85" count="19" type="cond" truecount="2" falsecount="0"/>
      <line num="86" count="15" type="stmt"/>
      <line num="87" count="15" type="stmt"/>
      <line num="90" count="19" type="stmt"/>
      <line num="91" count="19" type="stmt"/>
      <line num="93" count="19" type="stmt"/>
      <line num="96" count="5" type="stmt"/>
      <line num="97" count="5" type="stmt"/>
      <line num="99" count="5" type="stmt"/>
      <line num="100" count="5" type="stmt"/>
      <line num="101" count="5" type="stmt"/>
      <line num="104" count="5" type="stmt"/>
      <line num="106" count="5" type="stmt"/>
      <line num="110" count="5" type="stmt"/>
      <line num="121" count="3" type="cond" truecount="4" falsecount="0"/>
      <line num="122" count="2" type="stmt"/>
      <line num="125" count="1" type="stmt"/>
      <line num="126" count="1" type="cond" truecount="1" falsecount="1"/>
      <line num="127" count="1" type="stmt"/>
      <line num="130" count="0" type="cond" truecount="0" falsecount="2"/>
      <line num="138" count="25" type="stmt"/>
      <line num="139" count="25" type="stmt"/>
      <line num="142" count="25" type="stmt"/>
      <line num="143" count="9" type="stmt"/>
      <line num="152" count="3" type="stmt"/>
      <line num="160" count="4" type="stmt"/>
      <line num="168" count="2" type="stmt"/>
      <line num="175" count="53" type="stmt"/>
    </file>
    <file name="api.js" path="/Users/hamonvitorino/workspace/cartola-elifoot/public/js/api.js">
      <metrics statements="27" coveredstatements="0" conditionals="10" coveredconditionals="0" methods="8" coveredmethods="0"/>
      <line num="3" count="0" type="stmt"/>
      <line num="10" count="0" type="stmt"/>
      <line num="18" count="0" type="stmt"/>
      <line num="27" count="0" type="stmt"/>
      <line num="28" count="0" type="stmt"/>
      <line num="29" count="0" type="stmt"/>
      <line num="31" count="0" type="stmt"/>
      <line num="32" count="0" type="stmt"/>
      <line num="33" count="0" type="stmt"/>
      <line num="43" count="0" type="stmt"/>
      <line num="51" count="0" type="stmt"/>
      <line num="61" count="0" type="stmt"/>
      <line num="62" count="0" type="stmt"/>
      <line num="67" count="0" type="cond" truecount="0" falsecount="2"/>
      <line num="68" count="0" type="stmt"/>
      <line num="71" count="0" type="stmt"/>
      <line num="72" count="0" type="stmt"/>
      <line num="74" count="0" type="stmt"/>
      <line num="77" count="0" type="cond" truecount="0" falsecount="2"/>
      <line num="78" count="0" type="stmt"/>
      <line num="79" count="0" type="cond" truecount="0" falsecount="2"/>
      <line num="80" count="0" type="stmt"/>
      <line num="81" count="0" type="cond" truecount="0" falsecount="2"/>
      <line num="82" count="0" type="stmt"/>
      <line num="83" count="0" type="cond" truecount="0" falsecount="2"/>
      <line num="84" count="0" type="stmt"/>
      <line num="87" count="0" type="stmt"/>
    </file>
    <file name="estado.js" path="/Users/hamonvitorino/workspace/cartola-elifoot/public/js/estado.js">
      <metrics statements="37" coveredstatements="0" conditionals="16" coveredconditionals="0" methods="9" coveredmethods="0"/>
      <line num="5" count="0" type="stmt"/>
      <line num="12" count="0" type="stmt"/>
      <line num="35" count="0" type="stmt"/>
      <line num="36" count="0" type="stmt"/>
      <line num="37" count="0" type="cond" truecount="0" falsecount="2"/>
      <line num="38" count="0" type="stmt"/>
      <line num="41" count="0" type="stmt"/>
      <line num="44" count="0" type="stmt"/>
      <line num="52" count="0" type="stmt"/>
      <line num="53" count="0" type="stmt"/>
      <line num="54" count="0" type="stmt"/>
      <line num="55" count="0" type="stmt"/>
      <line num="57" count="0" type="stmt"/>
      <line num="66" count="0" type="stmt"/>
      <line num="67" count="0" type="stmt"/>
      <line num="68" count="0" type="cond" truecount="0" falsecount="2"/>
      <line num="69" count="0" type="stmt"/>
      <line num="71" count="0" type="stmt"/>
      <line num="79" count="0" type="stmt"/>
      <line num="80" count="0" type="stmt"/>
      <line num="82" count="0" type="stmt"/>
      <line num="91" count="0" type="stmt"/>
      <line num="92" count="0" type="cond" truecount="0" falsecount="4"/>
      <line num="93" count="0" type="stmt"/>
      <line num="95" count="0" type="stmt"/>
      <line num="103" count="0" type="stmt"/>
      <line num="116" count="0" type="stmt"/>
      <line num="117" count="0" type="stmt"/>
      <line num="118" count="0" type="cond" truecount="0" falsecount="2"/>
      <line num="121" count="0" type="stmt"/>
      <line num="123" count="0" type="cond" truecount="0" falsecount="5"/>
      <line num="124" count="0" type="stmt"/>
      <line num="128" count="0" type="stmt"/>
      <line num="129" count="0" type="stmt"/>
      <line num="130" count="0" type="stmt"/>
      <line num="138" count="0" type="stmt"/>
      <line num="139" count="0" type="stmt"/>
    </file>
    <file name="historico.js" path="/Users/hamonvitorino/workspace/cartola-elifoot/public/js/historico.js">
      <metrics statements="68" coveredstatements="67" conditionals="67" coveredconditionals="62" methods="12" coveredmethods="12"/>
      <line num="10" count="7" type="cond" truecount="2" falsecount="0"/>
      <line num="12" count="5" type="stmt"/>
      <line num="13" count="5" type="stmt"/>
      <line num="14" count="5" type="stmt"/>
      <line num="18" count="5" type="stmt"/>
      <line num="20" count="0" type="stmt"/>
      <line num="29" count="19" type="stmt"/>
      <line num="30" count="19" type="stmt"/>
      <line num="31" count="19" type="cond" truecount="2" falsecount="0"/>
      <line num="32" count="7" type="stmt"/>
      <line num="34" count="12" type="stmt"/>
      <line num="35" count="11" type="cond" truecount="2" falsecount="0"/>
      <line num="37" count="1" type="stmt"/>
      <line num="38" count="1" type="stmt"/>
      <line num="48" count="4" type="stmt"/>
      <line num="49" count="4" type="stmt"/>
      <line num="50" count="10" type="cond" truecount="2" falsecount="0"/>
      <line num="51" count="10" type="cond" truecount="2" falsecount="0"/>
      <line num="61" count="8" type="cond" truecount="2" falsecount="0"/>
      <line num="62" count="3" type="stmt"/>
      <line num="65" count="8" type="stmt"/>
      <line num="73" count="8" type="stmt"/>
      <line num="74" count="9" type="cond" truecount="2" falsecount="0"/>
      <line num="75" count="9" type="cond" truecount="2" falsecount="0"/>
      <line num="76" count="9" type="cond" truecount="2" falsecount="0"/>
      <line num="79" count="9" type="stmt"/>
      <line num="80" count="9" type="stmt"/>
      <line num="82" count="9" type="cond" truecount="2" falsecount="0"/>
      <line num="83" count="4" type="stmt"/>
      <line num="84" count="5" type="cond" truecount="2" falsecount="0"/>
      <line num="85" count="2" type="stmt"/>
      <line num="87" count="3" type="stmt"/>
      <line num="91" count="8" type="stmt"/>
      <line num="92" count="8" type="stmt"/>
      <line num="101" count="14" type="stmt"/>
      <line num="102" count="14" type="stmt"/>
      <line num="104" count="14" type="cond" truecount="2" falsecount="0"/>
      <line num="105" count="14" type="cond" truecount="2" falsecount="0"/>
      <line num="106" count="14" type="cond" truecount="2" falsecount="0"/>
      <line num="107" count="14" type="cond" truecount="2" falsecount="0"/>
      <line num="108" count="14" type="cond" truecount="2" falsecount="0"/>
      <line num="109" count="14" type="cond" truecount="2" falsecount="0"/>
      <line num="110" count="14" type="cond" truecount="2" falsecount="0"/>
      <line num="112" count="14" type="cond" truecount="4" falsecount="0"/>
      <line num="113" count="14" type="cond" truecount="4" falsecount="0"/>
      <line num="115" count="14" type="stmt"/>
      <line num="145" count="14" type="stmt"/>
      <line num="154" count="6" type="cond" truecount="2" falsecount="0"/>
      <line num="156" count="5" type="stmt"/>
      <line num="158" count="5" type="cond" truecount="4" falsecount="0"/>
      <line num="159" count="3" type="stmt"/>
      <line num="160" count="3" type="stmt"/>
      <line num="164" count="2" type="stmt"/>
      <line num="165" count="4" type="cond" truecount="1" falsecount="1"/>
      <line num="166" count="4" type="cond" truecount="1" falsecount="1"/>
      <line num="167" count="4" type="stmt"/>
      <line num="170" count="2" type="stmt"/>
      <line num="171" count="2" type="stmt"/>
      <line num="173" count="2" type="stmt"/>
      <line num="174" count="5" type="stmt"/>
      <line num="175" count="5" type="stmt"/>
      <line num="178" count="2" type="stmt"/>
      <line num="187" count="5" type="stmt"/>
      <line num="188" count="5" type="stmt"/>
      <line num="189" count="44" type="cond" truecount="1" falsecount="1"/>
      <line num="190" count="44" type="cond" truecount="1" falsecount="1"/>
      <line num="191" count="44" type="stmt"/>
      <line num="193" count="5" type="stmt"/>
    </file>
    <file name="narracao-extended.js" path="/Users/hamonvitorino/workspace/cartola-elifoot/public/js/narracao-extended.js">
      <metrics statements="17" coveredstatements="17" conditionals="10" coveredconditionals="10" methods="5" coveredmethods="5"/>
      <line num="6" count="1" type="stmt"/>
      <line num="137" count="42" type="stmt"/>
      <line num="138" count="42" type="cond" truecount="4" falsecount="0"/>
      <line num="139" count="2" type="stmt"/>
      <line num="142" count="40" type="stmt"/>
      <line num="143" count="40" type="stmt"/>
      <line num="148" count="40" type="cond" truecount="2" falsecount="0"/>
      <line num="149" count="2" type="stmt"/>
      <line num="152" count="40" type="stmt"/>
      <line num="161" count="123" type="cond" truecount="2" falsecount="0"/>
      <line num="169" count="3" type="stmt"/>
      <line num="170" count="3" type="stmt"/>
      <line num="171" count="27" type="stmt"/>
      <line num="173" count="3" type="stmt"/>
      <line num="182" count="37" type="stmt"/>
      <line num="183" count="37" type="cond" truecount="2" falsecount="0"/>
      <line num="191" count="15" type="stmt"/>
    </file>
    <file name="narracao.js" path="/Users/hamonvitorino/workspace/cartola-elifoot/public/js/narracao.js">
      <metrics statements="10" coveredstatements="0" conditionals="8" coveredconditionals="0" methods="2" coveredmethods="0"/>
      <line num="5" count="0" type="stmt"/>
      <line num="40" count="0" type="stmt"/>
      <line num="41" count="0" type="cond" truecount="0" falsecount="4"/>
      <line num="42" count="0" type="stmt"/>
      <line num="45" count="0" type="stmt"/>
      <line num="46" count="0" type="stmt"/>
      <line num="51" count="0" type="cond" truecount="0" falsecount="2"/>
      <line num="52" count="0" type="stmt"/>
      <line num="55" count="0" type="stmt"/>
      <line num="64" count="0" type="cond" truecount="0" falsecount="2"/>
    </file>
    <file name="simulacao.js" path="/Users/hamonvitorino/workspace/cartola-elifoot/public/js/simulacao.js">
      <metrics statements="60" coveredstatements="58" conditionals="52" coveredconditionals="44" methods="14" coveredmethods="14"/>
      <line num="5" count="1" type="stmt"/>
      <line num="6" count="1" type="stmt"/>
      <line num="7" count="1" type="stmt"/>
      <line num="8" count="36" type="stmt"/>
      <line num="10" count="1" type="stmt"/>
      <line num="26" count="9" type="stmt"/>
      <line num="32" count="9" type="stmt"/>
      <line num="39" count="9" type="stmt"/>
      <line num="40" count="9" type="stmt"/>
      <line num="41" count="9" type="stmt"/>
      <line num="42" count="9" type="stmt"/>
      <line num="44" count="9" type="stmt"/>
      <line num="46" count="212" type="cond" truecount="2" falsecount="0"/>
      <line num="47" count="212" type="cond" truecount="2" falsecount="0"/>
      <line num="48" count="212" type="cond" truecount="2" falsecount="0"/>
      <line num="51" count="212" type="stmt"/>
      <line num="53" count="212" type="stmt"/>
      <line num="55" count="212" type="cond" truecount="2" falsecount="0"/>
      <line num="56" count="7" type="cond" truecount="2" falsecount="0"/>
      <line num="57" count="2" type="stmt"/>
      <line num="58" count="2" type="cond" truecount="2" falsecount="0"/>
      <line num="60" count="5" type="stmt"/>
      <line num="61" count="5" type="cond" truecount="2" falsecount="0"/>
      <line num="65" count="212" type="stmt"/>
      <line num="69" count="9" type="stmt"/>
      <line num="72" count="2" type="stmt"/>
      <line num="73" count="5" type="stmt"/>
      <line num="77" count="99" type="cond" truecount="4" falsecount="0"/>
      <line num="79" count="99" type="cond" truecount="4" falsecount="0"/>
      <line num="83" count="9" type="stmt"/>
      <line num="96" count="18" type="cond" truecount="3" falsecount="1"/>
      <line num="97" count="0" type="stmt"/>
      <line num="101" count="198" type="stmt"/>
      <line num="102" count="18" type="cond" truecount="1" falsecount="1"/>
      <line num="103" count="39" type="stmt"/>
      <line num="107" count="198" type="cond" truecount="2" falsecount="0"/>
      <line num="108" count="18" type="cond" truecount="1" falsecount="1"/>
      <line num="109" count="67" type="stmt"/>
      <line num="112" count="18" type="stmt"/>
      <line num="126" count="212" type="stmt"/>
      <line num="129" count="212" type="stmt"/>
      <line num="130" count="212" type="cond" truecount="1" falsecount="1"/>
      <line num="133" count="212" type="stmt"/>
      <line num="134" count="212" type="cond" truecount="1" falsecount="1"/>
      <line num="136" count="212" type="stmt"/>
      <line num="145" count="212" type="cond" truecount="2" falsecount="0"/>
      <line num="146" count="14" type="stmt"/>
      <line num="147" count="14" type="cond" truecount="2" falsecount="0"/>
      <line num="148" count="7" type="stmt"/>
      <line num="150" count="7" type="stmt"/>
      <line num="154" count="212" type="stmt"/>
      <line num="162" count="212" type="stmt"/>
      <line num="163" count="212" type="stmt"/>
      <line num="165" count="212" type="stmt"/>
      <line num="166" count="481" type="stmt"/>
      <line num="167" count="481" type="cond" truecount="2" falsecount="0"/>
      <line num="168" count="212" type="stmt"/>
      <line num="172" count="0" type="stmt"/>
      <line num="182" count="14" type="stmt"/>
      <line num="183" count="14" type="stmt"/>
    </file>
    <file name="standings.js" path="/Users/hamonvitorino/workspace/cartola-elifoot/public/js/standings.js">
      <metrics statements="38" coveredstatements="24" conditionals="76" coveredconditionals="53" methods="7" coveredmethods="6"/>
      <line num="15" count="0" type="stmt"/>
      <line num="16" count="0" type="stmt"/>
      <line num="17" count="0" type="cond" truecount="0" falsecount="2"/>
      <line num="18" count="0" type="stmt"/>
      <line num="20" count="0" type="stmt"/>
      <line num="21" count="0" type="cond" truecount="0" falsecount="4"/>
      <line num="23" count="0" type="stmt"/>
      <line num="24" count="0" type="stmt"/>
      <line num="25" count="0" type="stmt"/>
      <line num="26" count="0" type="cond" truecount="0" falsecount="2"/>
      <line num="27" count="0" type="stmt"/>
      <line num="29" count="0" type="stmt"/>
      <line num="31" count="0" type="stmt"/>
      <line num="32" count="0" type="stmt"/>
      <line num="44" count="8" type="cond" truecount="2" falsecount="0"/>
      <line num="47" count="7" type="stmt"/>
      <line num="49" count="7" type="cond" truecount="4" falsecount="0"/>
      <line num="50" count="1" type="stmt"/>
      <line num="51" count="1" type="stmt"/>
      <line num="55" count="6" type="stmt"/>
      <line num="73" count="10" type="cond" truecount="2" falsecount="0"/>
      <line num="74" count="10" type="cond" truecount="2" falsecount="0"/>
      <line num="75" count="10" type="stmt"/>
      <line num="94" count="6" type="stmt"/>
      <line num="103" count="8" type="cond" truecount="2" falsecount="0"/>
      <line num="104" count="3" type="stmt"/>
      <line num="107" count="5" type="stmt"/>
      <line num="109" count="17" type="cond" truecount="5" falsecount="1"/>
      <line num="110" count="9" type="cond" truecount="3" falsecount="1"/>
      <line num="114" count="8" type="cond" truecount="1" falsecount="5"/>
      <line num="115" count="8" type="cond" truecount="1" falsecount="5"/>
      <line num="116" count="8" type="cond" truecount="2" falsecount="0"/>
      <line num="117" count="5" type="stmt"/>
      <line num="121" count="3" type="cond" truecount="2" falsecount="2"/>
      <line num="132" count="9" type="cond" truecount="4" falsecount="0"/>
      <line num="133" count="5" type="stmt"/>
      <line num="136" count="9" type="stmt"/>
      <line num="137" count="4" type="cond" truecount="2" falsecount="0"/>
    </file>
  </project>
</coverage>
