{"/Users/hamonvitorino/workspace/cartola-elifoot/public/js/animacao.js": {"path":"/Users/hamonvitorino/workspace/cartola-elifoot/public/js/animacao.js","statementMap":{"0":{"start":{"line":5,"column":22},"end":{"line":10,"column":1}},"1":{"start":{"line":12,"column":21},"end":{"line":16,"column":1}},"2":{"start":{"line":18,"column":24},"end":{"line":18,"column":26}},"3":{"start":{"line":19,"column":25},"end":{"line":19,"column":30}},"4":{"start":{"line":27,"column":2},"end":{"line":29,"column":3}},"5":{"start":{"line":28,"column":4},"end":{"line":28,"column":56}},"6":{"start":{"line":40,"column":2},"end":{"line":112,"column":5}},"7":{"start":{"line":41,"column":4},"end":{"line":44,"column":5}},"8":{"start":{"line":42,"column":6},"end":{"line":42,"column":16}},"9":{"start":{"line":43,"column":6},"end":{"line":43,"column":13}},"10":{"start":{"line":46,"column":18},"end":{"line":46,"column":60}},"11":{"start":{"line":47,"column":22},"end":{"line":47,"column":68}},"12":{"start":{"line":48,"column":19},"end":{"line":48,"column":43}},"13":{"start":{"line":49,"column":17},"end":{"line":49,"column":42}},"14":{"start":{"line":52,"column":4},"end":{"line":52,"column":29}},"15":{"start":{"line":53,"column":4},"end":{"line":53,"column":32}},"16":{"start":{"line":56,"column":4},"end":{"line":58,"column":5}},"17":{"start":{"line":57,"column":6},"end":{"line":57,"column":45}},"18":{"start":{"line":61,"column":24},"end":{"line":61,"column":37}},"19":{"start":{"line":62,"column":4},"end":{"line":62,"column":40}},"20":{"start":{"line":65,"column":4},"end":{"line":111,"column":14}},"21":{"start":{"line":66,"column":6},"end":{"line":69,"column":7}},"22":{"start":{"line":67,"column":8},"end":{"line":67,"column":18}},"23":{"start":{"line":68,"column":8},"end":{"line":68,"column":15}},"24":{"start":{"line":71,"column":22},"end":{"line":71,"column":23}},"25":{"start":{"line":72,"column":24},"end":{"line":72,"column":34}},"26":{"start":{"line":74,"column":26},"end":{"line":108,"column":7}},"27":{"start":{"line":75,"column":8},"end":{"line":78,"column":9}},"28":{"start":{"line":76,"column":10},"end":{"line":76,"column":20}},"29":{"start":{"line":77,"column":10},"end":{"line":77,"column":17}},"30":{"start":{"line":80,"column":8},"end":{"line":107,"column":9}},"31":{"start":{"line":81,"column":23},"end":{"line":81,"column":39}},"32":{"start":{"line":82,"column":23},"end":{"line":82,"column":53}},"33":{"start":{"line":83,"column":10},"end":{"line":83,"column":34}},"34":{"start":{"line":85,"column":10},"end":{"line":88,"column":11}},"35":{"start":{"line":86,"column":12},"end":{"line":86,"column":37}},"36":{"start":{"line":87,"column":12},"end":{"line":87,"column":102}},"37":{"start":{"line":90,"column":10},"end":{"line":90,"column":36}},"38":{"start":{"line":91,"column":10},"end":{"line":91,"column":22}},"39":{"start":{"line":93,"column":10},"end":{"line":93,"column":45}},"40":{"start":{"line":96,"column":26},"end":{"line":96,"column":36}},"41":{"start":{"line":97,"column":28},"end":{"line":97,"column":47}},"42":{"start":{"line":99,"column":10},"end":{"line":99,"column":47}},"43":{"start":{"line":100,"column":10},"end":{"line":100,"column":50}},"44":{"start":{"line":101,"column":10},"end":{"line":101,"column":64}},"45":{"start":{"line":104,"column":10},"end":{"line":104,"column":81}},"46":{"start":{"line":104,"column":61},"end":{"line":104,"column":79}},"47":{"start":{"line":106,"column":10},"end":{"line":106,"column":20}},"48":{"start":{"line":110,"column":6},"end":{"line":110,"column":20}},"49":{"start":{"line":121,"column":2},"end":{"line":123,"column":3}},"50":{"start":{"line":122,"column":4},"end":{"line":122,"column":29}},"51":{"start":{"line":125,"column":2},"end":{"line":131,"column":3}},"52":{"start":{"line":126,"column":4},"end":{"line":128,"column":5}},"53":{"start":{"line":127,"column":6},"end":{"line":127,"column":12}},"54":{"start":{"line":130,"column":4},"end":{"line":130,"column":68}},"55":{"start":{"line":138,"column":2},"end":{"line":138,"column":28}},"56":{"start":{"line":139,"column":2},"end":{"line":139,"column":25}},"57":{"start":{"line":142,"column":2},"end":{"line":144,"column":10}},"58":{"start":{"line":143,"column":4},"end":{"line":143,"column":31}},"59":{"start":{"line":152,"column":2},"end":{"line":152,"column":31}},"60":{"start":{"line":160,"column":2},"end":{"line":160,"column":32}},"61":{"start":{"line":168,"column":2},"end":{"line":168,"column":38}},"62":{"start":{"line":175,"column":2},"end":{"line":179,"column":4}}},"fnMap":{"0":{"name":"configurarAnimacao","decl":{"start":{"line":26,"column":16},"end":{"line":26,"column":34}},"loc":{"start":{"line":26,"column":43},"end":{"line":30,"column":1}},"line":26},"1":{"name":"animarTexto","decl":{"start":{"line":39,"column":22},"end":{"line":39,"column":33}},"loc":{"start":{"line":39,"column":64},"end":{"line":113,"column":1}},"line":39},"2":{"name":"(anonymous_2)","decl":{"start":{"line":40,"column":21},"end":{"line":40,"column":22}},"loc":{"start":{"line":40,"column":34},"end":{"line":112,"column":3}},"line":40},"3":{"name":"(anonymous_3)","decl":{"start":{"line":65,"column":15},"end":{"line":65,"column":16}},"loc":{"start":{"line":65,"column":21},"end":{"line":111,"column":5}},"line":65},"4":{"name":"(anonymous_4)","decl":{"start":{"line":74,"column":26},"end":{"line":74,"column":27}},"loc":{"start":{"line":74,"column":32},"end":{"line":108,"column":7}},"line":74},"5":{"name":"(anonymous_5)","decl":{"start":{"line":104,"column":55},"end":{"line":104,"column":56}},"loc":{"start":{"line":104,"column":61},"end":{"line":104,"column":79}},"line":104},"6":{"name":"animarFilaTextos","decl":{"start":{"line":120,"column":22},"end":{"line":120,"column":38}},"loc":{"start":{"line":120,"column":45},"end":{"line":132,"column":1}},"line":120},"7":{"name":"cancelarAnimacoes","decl":{"start":{"line":137,"column":16},"end":{"line":137,"column":33}},"loc":{"start":{"line":137,"column":36},"end":{"line":145,"column":1}},"line":137},"8":{"name":"(anonymous_8)","decl":{"start":{"line":142,"column":13},"end":{"line":142,"column":14}},"loc":{"start":{"line":142,"column":19},"end":{"line":144,"column":3}},"line":142},"9":{"name":"obterEstatisticasAnimacao","decl":{"start":{"line":151,"column":16},"end":{"line":151,"column":41}},"loc":{"start":{"line":151,"column":44},"end":{"line":153,"column":1}},"line":151},"10":{"name":"obterConfiguracao","decl":{"start":{"line":159,"column":16},"end":{"line":159,"column":33}},"loc":{"start":{"line":159,"column":36},"end":{"line":161,"column":1}},"line":159},"11":{"name":"temAnimacaoEmAndamento","decl":{"start":{"line":167,"column":16},"end":{"line":167,"column":38}},"loc":{"start":{"line":167,"column":41},"end":{"line":169,"column":1}},"line":167},"12":{"name":"resetarEstatisticas","decl":{"start":{"line":174,"column":16},"end":{"line":174,"column":35}},"loc":{"start":{"line":174,"column":38},"end":{"line":180,"column":1}},"line":174}},"branchMap":{"0":{"loc":{"start":{"line":27,"column":2},"end":{"line":29,"column":3}},"type":"if","locations":[{"start":{"line":27,"column":2},"end":{"line":29,"column":3}},{"start":{},"end":{}}],"line":27},"1":{"loc":{"start":{"line":27,"column":6},"end":{"line":27,"column":42}},"type":"binary-expr","locations":[{"start":{"line":27,"column":6},"end":{"line":27,"column":12}},{"start":{"line":27,"column":16},"end":{"line":27,"column":42}}],"line":27},"2":{"loc":{"start":{"line":39,"column":50},"end":{"line":39,"column":62}},"type":"default-arg","locations":[{"start":{"line":39,"column":60},"end":{"line":39,"column":62}}],"line":39},"3":{"loc":{"start":{"line":41,"column":4},"end":{"line":44,"column":5}},"type":"if","locations":[{"start":{"line":41,"column":4},"end":{"line":44,"column":5}},{"start":{},"end":{}}],"line":41},"4":{"loc":{"start":{"line":41,"column":8},"end":{"line":41,"column":26}},"type":"binary-expr","locations":[{"start":{"line":41,"column":8},"end":{"line":41,"column":16}},{"start":{"line":41,"column":20},"end":{"line":41,"column":26}}],"line":41},"5":{"loc":{"start":{"line":46,"column":18},"end":{"line":46,"column":60}},"type":"binary-expr","locations":[{"start":{"line":46,"column":18},"end":{"line":46,"column":31}},{"start":{"line":46,"column":35},"end":{"line":46,"column":60}}],"line":46},"6":{"loc":{"start":{"line":47,"column":22},"end":{"line":47,"column":68}},"type":"binary-expr","locations":[{"start":{"line":47,"column":22},"end":{"line":47,"column":39}},{"start":{"line":47,"column":43},"end":{"line":47,"column":68}}],"line":47},"7":{"loc":{"start":{"line":49,"column":17},"end":{"line":49,"column":42}},"type":"binary-expr","locations":[{"start":{"line":49,"column":17},"end":{"line":49,"column":29}},{"start":{"line":49,"column":33},"end":{"line":49,"column":42}}],"line":49},"8":{"loc":{"start":{"line":56,"column":4},"end":{"line":58,"column":5}},"type":"if","locations":[{"start":{"line":56,"column":4},"end":{"line":58,"column":5}},{"start":{},"end":{}}],"line":56},"9":{"loc":{"start":{"line":66,"column":6},"end":{"line":69,"column":7}},"type":"if","locations":[{"start":{"line":66,"column":6},"end":{"line":69,"column":7}},{"start":{},"end":{}}],"line":66},"10":{"loc":{"start":{"line":66,"column":10},"end":{"line":66,"column":72}},"type":"binary-expr","locations":[{"start":{"line":66,"column":10},"end":{"line":66,"column":28}},{"start":{"line":66,"column":32},"end":{"line":66,"column":72}}],"line":66},"11":{"loc":{"start":{"line":75,"column":8},"end":{"line":78,"column":9}},"type":"if","locations":[{"start":{"line":75,"column":8},"end":{"line":78,"column":9}},{"start":{},"end":{}}],"line":75},"12":{"loc":{"start":{"line":75,"column":12},"end":{"line":75,"column":74}},"type":"binary-expr","locations":[{"start":{"line":75,"column":12},"end":{"line":75,"column":30}},{"start":{"line":75,"column":34},"end":{"line":75,"column":74}}],"line":75},"13":{"loc":{"start":{"line":80,"column":8},"end":{"line":107,"column":9}},"type":"if","locations":[{"start":{"line":80,"column":8},"end":{"line":107,"column":9}},{"start":{"line":94,"column":15},"end":{"line":107,"column":9}}],"line":80},"14":{"loc":{"start":{"line":85,"column":10},"end":{"line":88,"column":11}},"type":"if","locations":[{"start":{"line":85,"column":10},"end":{"line":88,"column":11}},{"start":{},"end":{}}],"line":85},"15":{"loc":{"start":{"line":121,"column":2},"end":{"line":123,"column":3}},"type":"if","locations":[{"start":{"line":121,"column":2},"end":{"line":123,"column":3}},{"start":{},"end":{}}],"line":121},"16":{"loc":{"start":{"line":121,"column":6},"end":{"line":121,"column":47}},"type":"binary-expr","locations":[{"start":{"line":121,"column":6},"end":{"line":121,"column":26}},{"start":{"line":121,"column":30},"end":{"line":121,"column":47}}],"line":121},"17":{"loc":{"start":{"line":126,"column":4},"end":{"line":128,"column":5}},"type":"if","locations":[{"start":{"line":126,"column":4},"end":{"line":128,"column":5}},{"start":{},"end":{}}],"line":126},"18":{"loc":{"start":{"line":130,"column":48},"end":{"line":130,"column":66}},"type":"binary-expr","locations":[{"start":{"line":130,"column":48},"end":{"line":130,"column":60}},{"start":{"line":130,"column":64},"end":{"line":130,"column":66}}],"line":130}},"s":{"0":1,"1":1,"2":1,"3":1,"4":5,"5":3,"6":7,"7":7,"8":2,"9":2,"10":5,"11":5,"12":5,"13":5,"14":5,"15":5,"16":5,"17":5,"18":5,"19":5,"20":5,"21":5,"22":0,"23":0,"24":5,"25":5,"26":5,"27":24,"28":0,"29":0,"30":24,"31":19,"32":19,"33":19,"34":19,"35":15,"36":15,"37":19,"38":19,"39":19,"40":5,"41":5,"42":5,"43":5,"44":5,"45":5,"46":5,"47":5,"48":5,"49":3,"50":2,"51":1,"52":1,"53":1,"54":0,"55":25,"56":25,"57":25,"58":9,"59":3,"60":4,"61":2,"62":53},"f":{"0":5,"1":7,"2":7,"3":5,"4":24,"5":5,"6":3,"7":25,"8":9,"9":3,"10":4,"11":2,"12":53},"b":{"0":[3,2],"1":[5,3],"2":[0],"3":[2,5],"4":[7,6],"5":[5,5],"6":[5,0],"7":[5,4],"8":[5,0],"9":[0,5],"10":[5,5],"11":[0,24],"12":[24,24],"13":[19,5],"14":[15,4],"15":[2,1],"16":[3,2],"17":[1,0],"18":[0,0]},"inputSourceMap":null,"_coverageSchema":"1a1c01bbd47fc00a2c39e90264f33305004495a9","hash":"d5944e97b0ab958e02509b176ead7367322490b0"}
,"/Users/hamonvitorino/workspace/cartola-elifoot/public/js/api.js": {"path":"/Users/hamonvitorino/workspace/cartola-elifoot/public/js/api.js","statementMap":{"0":{"start":{"line":3,"column":17},"end":{"line":3,"column":23}},"1":{"start":{"line":10,"column":2},"end":{"line":10,"column":42}},"2":{"start":{"line":18,"column":2},"end":{"line":18,"column":51}},"3":{"start":{"line":27,"column":2},"end":{"line":34,"column":3}},"4":{"start":{"line":28,"column":20},"end":{"line":28,"column":38}},"5":{"start":{"line":29,"column":4},"end":{"line":29,"column":55}},"6":{"start":{"line":29,"column":31},"end":{"line":29,"column":53}},"7":{"start":{"line":31,"column":4},"end":{"line":31,"column":59}},"8":{"start":{"line":32,"column":23},"end":{"line":32,"column":44}},"9":{"start":{"line":33,"column":4},"end":{"line":33,"column":58}},"10":{"start":{"line":33,"column":34},"end":{"line":33,"column":56}},"11":{"start":{"line":43,"column":2},"end":{"line":43,"column":54}},"12":{"start":{"line":51,"column":2},"end":{"line":51,"column":56}},"13":{"start":{"line":61,"column":2},"end":{"line":88,"column":3}},"14":{"start":{"line":62,"column":21},"end":{"line":65,"column":6}},"15":{"start":{"line":67,"column":4},"end":{"line":69,"column":5}},"16":{"start":{"line":68,"column":6},"end":{"line":68,"column":49}},"17":{"start":{"line":71,"column":17},"end":{"line":71,"column":38}},"18":{"start":{"line":72,"column":4},"end":{"line":72,"column":16}},"19":{"start":{"line":74,"column":4},"end":{"line":74,"column":60}},"20":{"start":{"line":77,"column":4},"end":{"line":85,"column":5}},"21":{"start":{"line":78,"column":6},"end":{"line":78,"column":33}},"22":{"start":{"line":79,"column":11},"end":{"line":85,"column":5}},"23":{"start":{"line":80,"column":6},"end":{"line":80,"column":35}},"24":{"start":{"line":81,"column":11},"end":{"line":85,"column":5}},"25":{"start":{"line":82,"column":6},"end":{"line":82,"column":36}},"26":{"start":{"line":83,"column":11},"end":{"line":85,"column":5}},"27":{"start":{"line":84,"column":6},"end":{"line":84,"column":31}},"28":{"start":{"line":87,"column":4},"end":{"line":87,"column":14}}},"fnMap":{"0":{"name":"getClubs","decl":{"start":{"line":9,"column":22},"end":{"line":9,"column":30}},"loc":{"start":{"line":9,"column":33},"end":{"line":11,"column":1}},"line":9},"1":{"name":"getPlayers","decl":{"start":{"line":17,"column":22},"end":{"line":17,"column":32}},"loc":{"start":{"line":17,"column":35},"end":{"line":19,"column":1}},"line":17},"2":{"name":"getPlayersByClub","decl":{"start":{"line":26,"column":22},"end":{"line":26,"column":38}},"loc":{"start":{"line":26,"column":48},"end":{"line":35,"column":1}},"line":26},"3":{"name":"(anonymous_3)","decl":{"start":{"line":29,"column":26},"end":{"line":29,"column":27}},"loc":{"start":{"line":29,"column":31},"end":{"line":29,"column":53}},"line":29},"4":{"name":"(anonymous_4)","decl":{"start":{"line":33,"column":29},"end":{"line":33,"column":30}},"loc":{"start":{"line":33,"column":34},"end":{"line":33,"column":56}},"line":33},"5":{"name":"getPartidas","decl":{"start":{"line":42,"column":22},"end":{"line":42,"column":33}},"loc":{"start":{"line":42,"column":42},"end":{"line":44,"column":1}},"line":42},"6":{"name":"getDestaques","decl":{"start":{"line":50,"column":22},"end":{"line":50,"column":34}},"loc":{"start":{"line":50,"column":37},"end":{"line":52,"column":1}},"line":50},"7":{"name":"fetch_safe","decl":{"start":{"line":60,"column":15},"end":{"line":60,"column":25}},"loc":{"start":{"line":60,"column":36},"end":{"line":89,"column":1}},"line":60}},"branchMap":{"0":{"loc":{"start":{"line":67,"column":4},"end":{"line":69,"column":5}},"type":"if","locations":[{"start":{"line":67,"column":4},"end":{"line":69,"column":5}},{"start":{},"end":{}}],"line":67},"1":{"loc":{"start":{"line":77,"column":4},"end":{"line":85,"column":5}},"type":"if","locations":[{"start":{"line":77,"column":4},"end":{"line":85,"column":5}},{"start":{"line":79,"column":11},"end":{"line":85,"column":5}}],"line":77},"2":{"loc":{"start":{"line":79,"column":11},"end":{"line":85,"column":5}},"type":"if","locations":[{"start":{"line":79,"column":11},"end":{"line":85,"column":5}},{"start":{"line":81,"column":11},"end":{"line":85,"column":5}}],"line":79},"3":{"loc":{"start":{"line":81,"column":11},"end":{"line":85,"column":5}},"type":"if","locations":[{"start":{"line":81,"column":11},"end":{"line":85,"column":5}},{"start":{"line":83,"column":11},"end":{"line":85,"column":5}}],"line":81},"4":{"loc":{"start":{"line":83,"column":11},"end":{"line":85,"column":5}},"type":"if","locations":[{"start":{"line":83,"column":11},"end":{"line":85,"column":5}},{"start":{},"end":{}}],"line":83}},"s":{"0":0,"1":0,"2":0,"3":0,"4":0,"5":0,"6":0,"7":0,"8":0,"9":0,"10":0,"11":0,"12":0,"13":0,"14":0,"15":0,"16":0,"17":0,"18":0,"19":0,"20":0,"21":0,"22":0,"23":0,"24":0,"25":0,"26":0,"27":0,"28":0},"f":{"0":0,"1":0,"2":0,"3":0,"4":0,"5":0,"6":0,"7":0},"b":{"0":[0,0],"1":[0,0],"2":[0,0],"3":[0,0],"4":[0,0]},"inputSourceMap":null}
,"/Users/hamonvitorino/workspace/cartola-elifoot/public/js/estado.js": {"path":"/Users/hamonvitorino/workspace/cartola-elifoot/public/js/estado.js","statementMap":{"0":{"start":{"line":5,"column":18},"end":{"line":5,"column":42}},"1":{"start":{"line":12,"column":2},"end":{"line":27,"column":4}},"2":{"start":{"line":35,"column":2},"end":{"line":42,"column":3}},"3":{"start":{"line":36,"column":19},"end":{"line":36,"column":50}},"4":{"start":{"line":37,"column":4},"end":{"line":39,"column":5}},"5":{"start":{"line":38,"column":6},"end":{"line":38,"column":32}},"6":{"start":{"line":41,"column":4},"end":{"line":41,"column":65}},"7":{"start":{"line":44,"column":2},"end":{"line":44,"column":25}},"8":{"start":{"line":52,"column":2},"end":{"line":58,"column":3}},"9":{"start":{"line":53,"column":20},"end":{"line":53,"column":31}},"10":{"start":{"line":54,"column":20},"end":{"line":54,"column":46}},"11":{"start":{"line":55,"column":4},"end":{"line":55,"column":61}},"12":{"start":{"line":57,"column":4},"end":{"line":57,"column":63}},"13":{"start":{"line":66,"column":2},"end":{"line":72,"column":3}},"14":{"start":{"line":67,"column":20},"end":{"line":67,"column":31}},"15":{"start":{"line":68,"column":22},"end":{"line":68,"column":63}},"16":{"start":{"line":69,"column":4},"end":{"line":69,"column":29}},"17":{"start":{"line":71,"column":4},"end":{"line":71,"column":50}},"18":{"start":{"line":79,"column":2},"end":{"line":83,"column":3}},"19":{"start":{"line":80,"column":4},"end":{"line":80,"column":39}},"20":{"start":{"line":82,"column":4},"end":{"line":82,"column":49}},"21":{"start":{"line":91,"column":17},"end":{"line":91,"column":28}},"22":{"start":{"line":92,"column":2},"end":{"line":94,"column":3}},"23":{"start":{"line":93,"column":4},"end":{"line":93,"column":57}},"24":{"start":{"line":95,"column":2},"end":{"line":95,"column":14}},"25":{"start":{"line":103,"column":2},"end":{"line":106,"column":5}},"26":{"start":{"line":116,"column":18},"end":{"line":116,"column":29}},"27":{"start":{"line":117,"column":16},"end":{"line":117,"column":36}},"28":{"start":{"line":118,"column":21},"end":{"line":120,"column":7}},"29":{"start":{"line":121,"column":20},"end":{"line":121,"column":34}},"30":{"start":{"line":123,"column":2},"end":{"line":125,"column":3}},"31":{"start":{"line":124,"column":4},"end":{"line":124,"column":26}},"32":{"start":{"line":128,"column":21},"end":{"line":128,"column":38}},"33":{"start":{"line":129,"column":2},"end":{"line":129,"column":30}},"34":{"start":{"line":130,"column":2},"end":{"line":130,"column":20}},"35":{"start":{"line":138,"column":18},"end":{"line":138,"column":29}},"36":{"start":{"line":139,"column":2},"end":{"line":144,"column":5}}},"fnMap":{"0":{"name":"estadoInicial","decl":{"start":{"line":11,"column":16},"end":{"line":11,"column":29}},"loc":{"start":{"line":11,"column":32},"end":{"line":28,"column":1}},"line":11},"1":{"name":"getEstado","decl":{"start":{"line":34,"column":16},"end":{"line":34,"column":25}},"loc":{"start":{"line":34,"column":28},"end":{"line":45,"column":1}},"line":34},"2":{"name":"setEstado","decl":{"start":{"line":51,"column":16},"end":{"line":51,"column":25}},"loc":{"start":{"line":51,"column":35},"end":{"line":59,"column":1}},"line":51},"3":{"name":"salvarResultado","decl":{"start":{"line":65,"column":16},"end":{"line":65,"column":31}},"loc":{"start":{"line":65,"column":43},"end":{"line":73,"column":1}},"line":65},"4":{"name":"resetEstado","decl":{"start":{"line":78,"column":16},"end":{"line":78,"column":27}},"loc":{"start":{"line":78,"column":30},"end":{"line":84,"column":1}},"line":78},"5":{"name":"ultimoResultado","decl":{"start":{"line":90,"column":16},"end":{"line":90,"column":31}},"loc":{"start":{"line":90,"column":34},"end":{"line":96,"column":1}},"line":90},"6":{"name":"atualizarTabela","decl":{"start":{"line":102,"column":16},"end":{"line":102,"column":31}},"loc":{"start":{"line":102,"column":44},"end":{"line":107,"column":1}},"line":102},"7":{"name":"obterTabelaAtualizada","decl":{"start":{"line":115,"column":22},"end":{"line":115,"column":43}},"loc":{"start":{"line":115,"column":77},"end":{"line":131,"column":1}},"line":115},"8":{"name":"atualizarEstatisticas","decl":{"start":{"line":137,"column":16},"end":{"line":137,"column":37}},"loc":{"start":{"line":137,"column":57},"end":{"line":145,"column":1}},"line":137}},"branchMap":{"0":{"loc":{"start":{"line":37,"column":4},"end":{"line":39,"column":5}},"type":"if","locations":[{"start":{"line":37,"column":4},"end":{"line":39,"column":5}},{"start":{},"end":{}}],"line":37},"1":{"loc":{"start":{"line":68,"column":27},"end":{"line":68,"column":50}},"type":"binary-expr","locations":[{"start":{"line":68,"column":27},"end":{"line":68,"column":44}},{"start":{"line":68,"column":48},"end":{"line":68,"column":50}}],"line":68},"2":{"loc":{"start":{"line":92,"column":2},"end":{"line":94,"column":3}},"type":"if","locations":[{"start":{"line":92,"column":2},"end":{"line":94,"column":3}},{"start":{},"end":{}}],"line":92},"3":{"loc":{"start":{"line":92,"column":6},"end":{"line":92,"column":53}},"type":"binary-expr","locations":[{"start":{"line":92,"column":6},"end":{"line":92,"column":22}},{"start":{"line":92,"column":26},"end":{"line":92,"column":53}}],"line":92},"4":{"loc":{"start":{"line":115,"column":55},"end":{"line":115,"column":75}},"type":"default-arg","locations":[{"start":{"line":115,"column":70},"end":{"line":115,"column":75}}],"line":115},"5":{"loc":{"start":{"line":118,"column":21},"end":{"line":120,"column":7}},"type":"cond-expr","locations":[{"start":{"line":119,"column":6},"end":{"line":119,"column":61}},{"start":{"line":120,"column":6},"end":{"line":120,"column":7}}],"line":118},"6":{"loc":{"start":{"line":123,"column":2},"end":{"line":125,"column":3}},"type":"if","locations":[{"start":{"line":123,"column":2},"end":{"line":125,"column":3}},{"start":{},"end":{}}],"line":123},"7":{"loc":{"start":{"line":123,"column":6},"end":{"line":123,"column":83}},"type":"binary-expr","locations":[{"start":{"line":123,"column":6},"end":{"line":123,"column":19}},{"start":{"line":123,"column":23},"end":{"line":123,"column":49}},{"start":{"line":123,"column":53},"end":{"line":123,"column":83}}],"line":123}},"s":{"0":0,"1":0,"2":0,"3":0,"4":0,"5":0,"6":0,"7":0,"8":0,"9":0,"10":0,"11":0,"12":0,"13":0,"14":0,"15":0,"16":0,"17":0,"18":0,"19":0,"20":0,"21":0,"22":0,"23":0,"24":0,"25":0,"26":0,"27":0,"28":0,"29":0,"30":0,"31":0,"32":0,"33":0,"34":0,"35":0,"36":0},"f":{"0":0,"1":0,"2":0,"3":0,"4":0,"5":0,"6":0,"7":0,"8":0},"b":{"0":[0,0],"1":[0,0],"2":[0,0],"3":[0,0],"4":[0],"5":[0,0],"6":[0,0],"7":[0,0,0]},"inputSourceMap":null}
,"/Users/hamonvitorino/workspace/cartola-elifoot/public/js/historico.js": {"path":"/Users/hamonvitorino/workspace/cartola-elifoot/public/js/historico.js","statementMap":{"0":{"start":{"line":10,"column":2},"end":{"line":10,"column":25}},"1":{"start":{"line":10,"column":18},"end":{"line":10,"column":25}},"2":{"start":{"line":12,"column":2},"end":{"line":21,"column":3}},"3":{"start":{"line":13,"column":22},"end":{"line":13,"column":46}},"4":{"start":{"line":14,"column":4},"end":{"line":17,"column":7}},"5":{"start":{"line":18,"column":4},"end":{"line":18,"column":73}},"6":{"start":{"line":20,"column":4},"end":{"line":20,"column":66}},"7":{"start":{"line":29,"column":2},"end":{"line":39,"column":3}},"8":{"start":{"line":30,"column":22},"end":{"line":30,"column":63}},"9":{"start":{"line":31,"column":4},"end":{"line":33,"column":5}},"10":{"start":{"line":32,"column":6},"end":{"line":32,"column":16}},"11":{"start":{"line":34,"column":20},"end":{"line":34,"column":41}},"12":{"start":{"line":35,"column":4},"end":{"line":35,"column":49}},"13":{"start":{"line":37,"column":4},"end":{"line":37,"column":60}},"14":{"start":{"line":38,"column":4},"end":{"line":38,"column":14}},"15":{"start":{"line":48,"column":20},"end":{"line":48,"column":44}},"16":{"start":{"line":49,"column":2},"end":{"line":52,"column":5}},"17":{"start":{"line":50,"column":23},"end":{"line":50,"column":45}},"18":{"start":{"line":51,"column":4},"end":{"line":51,"column":72}},"19":{"start":{"line":61,"column":2},"end":{"line":63,"column":3}},"20":{"start":{"line":62,"column":4},"end":{"line":62,"column":19}},"21":{"start":{"line":65,"column":16},"end":{"line":71,"column":3}},"22":{"start":{"line":73,"column":2},"end":{"line":89,"column":5}},"23":{"start":{"line":74,"column":19},"end":{"line":74,"column":37}},"24":{"start":{"line":75,"column":17},"end":{"line":75,"column":33}},"25":{"start":{"line":76,"column":22},"end":{"line":76,"column":43}},"26":{"start":{"line":79,"column":4},"end":{"line":79,"column":27}},"27":{"start":{"line":80,"column":4},"end":{"line":80,"column":35}},"28":{"start":{"line":82,"column":4},"end":{"line":88,"column":5}},"29":{"start":{"line":83,"column":6},"end":{"line":83,"column":23}},"30":{"start":{"line":84,"column":11},"end":{"line":88,"column":5}},"31":{"start":{"line":85,"column":6},"end":{"line":85,"column":23}},"32":{"start":{"line":87,"column":6},"end":{"line":87,"column":22}},"33":{"start":{"line":91,"column":2},"end":{"line":91,"column":51}},"34":{"start":{"line":92,"column":2},"end":{"line":92,"column":15}},"35":{"start":{"line":101,"column":14},"end":{"line":101,"column":43}},"36":{"start":{"line":102,"column":2},"end":{"line":102,"column":34}},"37":{"start":{"line":104,"column":17},"end":{"line":104,"column":39}},"38":{"start":{"line":105,"column":15},"end":{"line":105,"column":31}},"39":{"start":{"line":106,"column":20},"end":{"line":106,"column":41}},"40":{"start":{"line":107,"column":21},"end":{"line":107,"column":47}},"41":{"start":{"line":108,"column":20},"end":{"line":108,"column":45}},"42":{"start":{"line":109,"column":24},"end":{"line":109,"column":54}},"43":{"start":{"line":110,"column":21},"end":{"line":110,"column":45}},"44":{"start":{"line":112,"column":25},"end":{"line":112,"column":95}},"45":{"start":{"line":113,"column":25},"end":{"line":113,"column":86}},"46":{"start":{"line":115,"column":2},"end":{"line":143,"column":4}},"47":{"start":{"line":145,"column":2},"end":{"line":145,"column":13}},"48":{"start":{"line":154,"column":2},"end":{"line":154,"column":25}},"49":{"start":{"line":154,"column":18},"end":{"line":154,"column":25}},"50":{"start":{"line":156,"column":2},"end":{"line":156,"column":27}},"51":{"start":{"line":158,"column":2},"end":{"line":161,"column":3}},"52":{"start":{"line":159,"column":4},"end":{"line":159,"column":83}},"53":{"start":{"line":160,"column":4},"end":{"line":160,"column":11}},"54":{"start":{"line":164,"column":17},"end":{"line":168,"column":4}},"55":{"start":{"line":165,"column":20},"end":{"line":165,"column":40}},"56":{"start":{"line":166,"column":20},"end":{"line":166,"column":40}},"57":{"start":{"line":167,"column":4},"end":{"line":167,"column":29}},"58":{"start":{"line":170,"column":19},"end":{"line":170,"column":48}},"59":{"start":{"line":171,"column":2},"end":{"line":171,"column":43}},"60":{"start":{"line":173,"column":2},"end":{"line":176,"column":5}},"61":{"start":{"line":174,"column":17},"end":{"line":174,"column":45}},"62":{"start":{"line":175,"column":4},"end":{"line":175,"column":31}},"63":{"start":{"line":178,"column":2},"end":{"line":178,"column":34}},"64":{"start":{"line":187,"column":20},"end":{"line":187,"column":44}},"65":{"start":{"line":188,"column":17},"end":{"line":192,"column":4}},"66":{"start":{"line":189,"column":20},"end":{"line":189,"column":40}},"67":{"start":{"line":190,"column":20},"end":{"line":190,"column":40}},"68":{"start":{"line":191,"column":4},"end":{"line":191,"column":29}},"69":{"start":{"line":193,"column":2},"end":{"line":193,"column":32}}},"fnMap":{"0":{"name":"adicionarResultadoAoHistorico","decl":{"start":{"line":9,"column":16},"end":{"line":9,"column":45}},"loc":{"start":{"line":9,"column":57},"end":{"line":22,"column":1}},"line":9},"1":{"name":"obterHistoricoCompleto","decl":{"start":{"line":28,"column":16},"end":{"line":28,"column":38}},"loc":{"start":{"line":28,"column":41},"end":{"line":40,"column":1}},"line":28},"2":{"name":"filtrarHistoricoPorAdversario","decl":{"start":{"line":47,"column":16},"end":{"line":47,"column":45}},"loc":{"start":{"line":47,"column":55},"end":{"line":53,"column":1}},"line":47},"3":{"name":"(anonymous_3)","decl":{"start":{"line":49,"column":26},"end":{"line":49,"column":27}},"loc":{"start":{"line":49,"column":35},"end":{"line":52,"column":3}},"line":49},"4":{"name":"calcularEstatisticasSeason","decl":{"start":{"line":60,"column":16},"end":{"line":60,"column":42}},"loc":{"start":{"line":60,"column":54},"end":{"line":93,"column":1}},"line":60},"5":{"name":"(anonymous_5)","decl":{"start":{"line":73,"column":20},"end":{"line":73,"column":21}},"loc":{"start":{"line":73,"column":29},"end":{"line":89,"column":3}},"line":73},"6":{"name":"renderCartaoHistorico","decl":{"start":{"line":100,"column":16},"end":{"line":100,"column":37}},"loc":{"start":{"line":100,"column":49},"end":{"line":146,"column":1}},"line":100},"7":{"name":"renderTimelineHistorico","decl":{"start":{"line":153,"column":16},"end":{"line":153,"column":39}},"loc":{"start":{"line":153,"column":62},"end":{"line":179,"column":1}},"line":153},"8":{"name":"(anonymous_8)","decl":{"start":{"line":164,"column":37},"end":{"line":164,"column":38}},"loc":{"start":{"line":164,"column":47},"end":{"line":168,"column":3}},"line":164},"9":{"name":"(anonymous_9)","decl":{"start":{"line":173,"column":17},"end":{"line":173,"column":18}},"loc":{"start":{"line":173,"column":26},"end":{"line":176,"column":3}},"line":173},"10":{"name":"obterUltimosResultados","decl":{"start":{"line":186,"column":16},"end":{"line":186,"column":38}},"loc":{"start":{"line":186,"column":50},"end":{"line":194,"column":1}},"line":186},"11":{"name":"(anonymous_11)","decl":{"start":{"line":188,"column":37},"end":{"line":188,"column":38}},"loc":{"start":{"line":188,"column":47},"end":{"line":192,"column":3}},"line":188}},"branchMap":{"0":{"loc":{"start":{"line":10,"column":2},"end":{"line":10,"column":25}},"type":"if","locations":[{"start":{"line":10,"column":2},"end":{"line":10,"column":25}},{"start":{},"end":{}}],"line":10},"1":{"loc":{"start":{"line":31,"column":4},"end":{"line":33,"column":5}},"type":"if","locations":[{"start":{"line":31,"column":4},"end":{"line":33,"column":5}},{"start":{},"end":{}}],"line":31},"2":{"loc":{"start":{"line":35,"column":11},"end":{"line":35,"column":48}},"type":"cond-expr","locations":[{"start":{"line":35,"column":36},"end":{"line":35,"column":43}},{"start":{"line":35,"column":46},"end":{"line":35,"column":48}}],"line":35},"3":{"loc":{"start":{"line":50,"column":23},"end":{"line":50,"column":45}},"type":"binary-expr","locations":[{"start":{"line":50,"column":23},"end":{"line":50,"column":39}},{"start":{"line":50,"column":43},"end":{"line":50,"column":45}}],"line":50},"4":{"loc":{"start":{"line":51,"column":11},"end":{"line":51,"column":71}},"type":"binary-expr","locations":[{"start":{"line":51,"column":11},"end":{"line":51,"column":42}},{"start":{"line":51,"column":46},"end":{"line":51,"column":71}}],"line":51},"5":{"loc":{"start":{"line":61,"column":2},"end":{"line":63,"column":3}},"type":"if","locations":[{"start":{"line":61,"column":2},"end":{"line":63,"column":3}},{"start":{},"end":{}}],"line":61},"6":{"loc":{"start":{"line":74,"column":19},"end":{"line":74,"column":37}},"type":"binary-expr","locations":[{"start":{"line":74,"column":19},"end":{"line":74,"column":31}},{"start":{"line":74,"column":35},"end":{"line":74,"column":37}}],"line":74},"7":{"loc":{"start":{"line":75,"column":17},"end":{"line":75,"column":33}},"type":"binary-expr","locations":[{"start":{"line":75,"column":17},"end":{"line":75,"column":28}},{"start":{"line":75,"column":32},"end":{"line":75,"column":33}}],"line":75},"8":{"loc":{"start":{"line":76,"column":22},"end":{"line":76,"column":43}},"type":"binary-expr","locations":[{"start":{"line":76,"column":22},"end":{"line":76,"column":38}},{"start":{"line":76,"column":42},"end":{"line":76,"column":43}}],"line":76},"9":{"loc":{"start":{"line":82,"column":4},"end":{"line":88,"column":5}},"type":"if","locations":[{"start":{"line":82,"column":4},"end":{"line":88,"column":5}},{"start":{"line":84,"column":11},"end":{"line":88,"column":5}}],"line":82},"10":{"loc":{"start":{"line":84,"column":11},"end":{"line":88,"column":5}},"type":"if","locations":[{"start":{"line":84,"column":11},"end":{"line":88,"column":5}},{"start":{"line":86,"column":11},"end":{"line":88,"column":5}}],"line":84},"11":{"loc":{"start":{"line":104,"column":17},"end":{"line":104,"column":39}},"type":"binary-expr","locations":[{"start":{"line":104,"column":17},"end":{"line":104,"column":33}},{"start":{"line":104,"column":37},"end":{"line":104,"column":39}}],"line":104},"12":{"loc":{"start":{"line":105,"column":15},"end":{"line":105,"column":31}},"type":"binary-expr","locations":[{"start":{"line":105,"column":15},"end":{"line":105,"column":26}},{"start":{"line":105,"column":30},"end":{"line":105,"column":31}}],"line":105},"13":{"loc":{"start":{"line":106,"column":20},"end":{"line":106,"column":41}},"type":"binary-expr","locations":[{"start":{"line":106,"column":20},"end":{"line":106,"column":36}},{"start":{"line":106,"column":40},"end":{"line":106,"column":41}}],"line":106},"14":{"loc":{"start":{"line":107,"column":21},"end":{"line":107,"column":47}},"type":"binary-expr","locations":[{"start":{"line":107,"column":21},"end":{"line":107,"column":41}},{"start":{"line":107,"column":45},"end":{"line":107,"column":47}}],"line":107},"15":{"loc":{"start":{"line":108,"column":20},"end":{"line":108,"column":45}},"type":"binary-expr","locations":[{"start":{"line":108,"column":20},"end":{"line":108,"column":39}},{"start":{"line":108,"column":43},"end":{"line":108,"column":45}}],"line":108},"16":{"loc":{"start":{"line":109,"column":24},"end":{"line":109,"column":54}},"type":"binary-expr","locations":[{"start":{"line":109,"column":24},"end":{"line":109,"column":48}},{"start":{"line":109,"column":52},"end":{"line":109,"column":54}}],"line":109},"17":{"loc":{"start":{"line":110,"column":21},"end":{"line":110,"column":45}},"type":"binary-expr","locations":[{"start":{"line":110,"column":21},"end":{"line":110,"column":39}},{"start":{"line":110,"column":43},"end":{"line":110,"column":45}}],"line":110},"18":{"loc":{"start":{"line":112,"column":25},"end":{"line":112,"column":95}},"type":"cond-expr","locations":[{"start":{"line":112,"column":44},"end":{"line":112,"column":53}},{"start":{"line":112,"column":56},"end":{"line":112,"column":95}}],"line":112},"19":{"loc":{"start":{"line":112,"column":56},"end":{"line":112,"column":95}},"type":"cond-expr","locations":[{"start":{"line":112,"column":75},"end":{"line":112,"column":84}},{"start":{"line":112,"column":87},"end":{"line":112,"column":95}}],"line":112},"20":{"loc":{"start":{"line":113,"column":25},"end":{"line":113,"column":86}},"type":"cond-expr","locations":[{"start":{"line":113,"column":44},"end":{"line":113,"column":49}},{"start":{"line":113,"column":52},"end":{"line":113,"column":86}}],"line":113},"21":{"loc":{"start":{"line":113,"column":52},"end":{"line":113,"column":86}},"type":"cond-expr","locations":[{"start":{"line":113,"column":71},"end":{"line":113,"column":77}},{"start":{"line":113,"column":80},"end":{"line":113,"column":86}}],"line":113},"22":{"loc":{"start":{"line":117,"column":34},"end":{"line":117,"column":63}},"type":"binary-expr","locations":[{"start":{"line":117,"column":34},"end":{"line":117,"column":57}},{"start":{"line":117,"column":61},"end":{"line":117,"column":63}}],"line":117},"23":{"loc":{"start":{"line":122,"column":34},"end":{"line":122,"column":64}},"type":"binary-expr","locations":[{"start":{"line":122,"column":34},"end":{"line":122,"column":49}},{"start":{"line":122,"column":53},"end":{"line":122,"column":64}}],"line":122},"24":{"loc":{"start":{"line":136,"column":30},"end":{"line":136,"column":52}},"type":"binary-expr","locations":[{"start":{"line":136,"column":30},"end":{"line":136,"column":45}},{"start":{"line":136,"column":49},"end":{"line":136,"column":52}}],"line":136},"25":{"loc":{"start":{"line":140,"column":30},"end":{"line":140,"column":119}},"type":"cond-expr","locations":[{"start":{"line":140,"column":54},"end":{"line":140,"column":113}},{"start":{"line":140,"column":116},"end":{"line":140,"column":119}}],"line":140},"26":{"loc":{"start":{"line":154,"column":2},"end":{"line":154,"column":25}},"type":"if","locations":[{"start":{"line":154,"column":2},"end":{"line":154,"column":25}},{"start":{},"end":{}}],"line":154},"27":{"loc":{"start":{"line":158,"column":2},"end":{"line":161,"column":3}},"type":"if","locations":[{"start":{"line":158,"column":2},"end":{"line":161,"column":3}},{"start":{},"end":{}}],"line":158},"28":{"loc":{"start":{"line":158,"column":6},"end":{"line":158,"column":42}},"type":"binary-expr","locations":[{"start":{"line":158,"column":6},"end":{"line":158,"column":16}},{"start":{"line":158,"column":20},"end":{"line":158,"column":42}}],"line":158},"29":{"loc":{"start":{"line":165,"column":20},"end":{"line":165,"column":40}},"type":"binary-expr","locations":[{"start":{"line":165,"column":20},"end":{"line":165,"column":35}},{"start":{"line":165,"column":39},"end":{"line":165,"column":40}}],"line":165},"30":{"loc":{"start":{"line":166,"column":20},"end":{"line":166,"column":40}},"type":"binary-expr","locations":[{"start":{"line":166,"column":20},"end":{"line":166,"column":35}},{"start":{"line":166,"column":39},"end":{"line":166,"column":40}}],"line":166},"31":{"loc":{"start":{"line":186,"column":39},"end":{"line":186,"column":48}},"type":"default-arg","locations":[{"start":{"line":186,"column":47},"end":{"line":186,"column":48}}],"line":186},"32":{"loc":{"start":{"line":189,"column":20},"end":{"line":189,"column":40}},"type":"binary-expr","locations":[{"start":{"line":189,"column":20},"end":{"line":189,"column":35}},{"start":{"line":189,"column":39},"end":{"line":189,"column":40}}],"line":189},"33":{"loc":{"start":{"line":190,"column":20},"end":{"line":190,"column":40}},"type":"binary-expr","locations":[{"start":{"line":190,"column":20},"end":{"line":190,"column":35}},{"start":{"line":190,"column":39},"end":{"line":190,"column":40}}],"line":190}},"s":{"0":7,"1":2,"2":5,"3":5,"4":5,"5":5,"6":0,"7":19,"8":19,"9":19,"10":7,"11":12,"12":11,"13":1,"14":1,"15":4,"16":4,"17":10,"18":10,"19":8,"20":3,"21":8,"22":8,"23":9,"24":9,"25":9,"26":9,"27":9,"28":9,"29":4,"30":5,"31":2,"32":3,"33":8,"34":8,"35":14,"36":14,"37":14,"38":14,"39":14,"40":14,"41":14,"42":14,"43":14,"44":14,"45":14,"46":14,"47":14,"48":6,"49":1,"50":5,"51":5,"52":3,"53":3,"54":2,"55":4,"56":4,"57":4,"58":2,"59":2,"60":2,"61":5,"62":5,"63":2,"64":5,"65":5,"66":44,"67":44,"68":44,"69":5},"f":{"0":7,"1":19,"2":4,"3":10,"4":8,"5":9,"6":14,"7":6,"8":4,"9":5,"10":5,"11":44},"b":{"0":[2,5],"1":[7,12],"2":[10,1],"3":[10,1],"4":[10,6],"5":[3,5],"6":[9,1],"7":[9,2],"8":[9,1],"9":[4,5],"10":[2,3],"11":[14,2],"12":[14,4],"13":[14,2],"14":[14,2],"15":[14,14],"16":[14,14],"17":[14,14],"18":[5,9],"19":[2,7],"20":[5,9],"21":[2,7],"22":[14,2],"23":[14,9],"24":[14,14],"25":[0,14],"26":[1,5],"27":[3,2],"28":[5,5],"29":[4,0],"30":[4,0],"31":[2],"32":[44,0],"33":[44,0]},"inputSourceMap":null,"_coverageSchema":"1a1c01bbd47fc00a2c39e90264f33305004495a9","hash":"4cdfba3a7fa1a4c2e49ca81b6caa787778b64938"}
,"/Users/hamonvitorino/workspace/cartola-elifoot/public/js/narracao-extended.js": {"path":"/Users/hamonvitorino/workspace/cartola-elifoot/public/js/narracao-extended.js","statementMap":{"0":{"start":{"line":6,"column":33},"end":{"line":129,"column":1}},"1":{"start":{"line":137,"column":17},"end":{"line":137,"column":46}},"2":{"start":{"line":138,"column":2},"end":{"line":140,"column":3}},"3":{"start":{"line":139,"column":4},"end":{"line":139,"column":46}},"4":{"start":{"line":142,"column":17},"end":{"line":142,"column":66}},"5":{"start":{"line":143,"column":18},"end":{"line":145,"column":43}},"6":{"start":{"line":148,"column":2},"end":{"line":150,"column":3}},"7":{"start":{"line":149,"column":4},"end":{"line":149,"column":65}},"8":{"start":{"line":152,"column":2},"end":{"line":152,"column":19}},"9":{"start":{"line":161,"column":2},"end":{"line":161,"column":44}},"10":{"start":{"line":169,"column":14},"end":{"line":169,"column":15}},"11":{"start":{"line":170,"column":2},"end":{"line":172,"column":3}},"12":{"start":{"line":171,"column":4},"end":{"line":171,"column":44}},"13":{"start":{"line":173,"column":2},"end":{"line":173,"column":15}},"14":{"start":{"line":182,"column":17},"end":{"line":182,"column":45}},"15":{"start":{"line":183,"column":2},"end":{"line":183,"column":36}},"16":{"start":{"line":191,"column":2},"end":{"line":191,"column":40}}},"fnMap":{"0":{"name":"narrarLance","decl":{"start":{"line":136,"column":16},"end":{"line":136,"column":27}},"loc":{"start":{"line":136,"column":35},"end":{"line":153,"column":1}},"line":136},"1":{"name":"getPhrasesForType","decl":{"start":{"line":160,"column":16},"end":{"line":160,"column":33}},"loc":{"start":{"line":160,"column":45},"end":{"line":162,"column":1}},"line":160},"2":{"name":"obterTotalDeFrases","decl":{"start":{"line":168,"column":16},"end":{"line":168,"column":34}},"loc":{"start":{"line":168,"column":37},"end":{"line":174,"column":1}},"line":168},"3":{"name":"obterContagemPorTipo","decl":{"start":{"line":181,"column":16},"end":{"line":181,"column":36}},"loc":{"start":{"line":181,"column":48},"end":{"line":184,"column":1}},"line":181},"4":{"name":"obterTiposDisponíveis","decl":{"start":{"line":190,"column":16},"end":{"line":190,"column":37}},"loc":{"start":{"line":190,"column":40},"end":{"line":192,"column":1}},"line":190}},"branchMap":{"0":{"loc":{"start":{"line":138,"column":2},"end":{"line":140,"column":3}},"type":"if","locations":[{"start":{"line":138,"column":2},"end":{"line":140,"column":3}},{"start":{},"end":{}}],"line":138},"1":{"loc":{"start":{"line":138,"column":6},"end":{"line":138,"column":36}},"type":"binary-expr","locations":[{"start":{"line":138,"column":6},"end":{"line":138,"column":13}},{"start":{"line":138,"column":17},"end":{"line":138,"column":36}}],"line":138},"2":{"loc":{"start":{"line":148,"column":2},"end":{"line":150,"column":3}},"type":"if","locations":[{"start":{"line":148,"column":2},"end":{"line":150,"column":3}},{"start":{},"end":{}}],"line":148},"3":{"loc":{"start":{"line":161,"column":9},"end":{"line":161,"column":43}},"type":"binary-expr","locations":[{"start":{"line":161,"column":9},"end":{"line":161,"column":37}},{"start":{"line":161,"column":41},"end":{"line":161,"column":43}}],"line":161},"4":{"loc":{"start":{"line":183,"column":9},"end":{"line":183,"column":35}},"type":"cond-expr","locations":[{"start":{"line":183,"column":18},"end":{"line":183,"column":31}},{"start":{"line":183,"column":34},"end":{"line":183,"column":35}}],"line":183}},"s":{"0":1,"1":42,"2":42,"3":2,"4":40,"5":40,"6":40,"7":2,"8":40,"9":123,"10":3,"11":3,"12":27,"13":3,"14":37,"15":37,"16":15},"f":{"0":42,"1":123,"2":3,"3":37,"4":15},"b":{"0":[2,40],"1":[42,42],"2":[2,38],"3":[123,3],"4":[36,1]},"inputSourceMap":null,"_coverageSchema":"1a1c01bbd47fc00a2c39e90264f33305004495a9","hash":"165dc3aea13add2fda489a6e7d718550479d0a52"}
,"/Users/hamonvitorino/workspace/cartola-elifoot/public/js/narracao.js": {"path":"/Users/hamonvitorino/workspace/cartola-elifoot/public/js/narracao.js","statementMap":{"0":{"start":{"line":5,"column":15},"end":{"line":32,"column":1}},"1":{"start":{"line":40,"column":17},"end":{"line":40,"column":46}},"2":{"start":{"line":41,"column":2},"end":{"line":43,"column":3}},"3":{"start":{"line":42,"column":4},"end":{"line":42,"column":46}},"4":{"start":{"line":45,"column":17},"end":{"line":45,"column":66}},"5":{"start":{"line":46,"column":18},"end":{"line":48,"column":43}},"6":{"start":{"line":51,"column":2},"end":{"line":53,"column":3}},"7":{"start":{"line":52,"column":4},"end":{"line":52,"column":65}},"8":{"start":{"line":55,"column":2},"end":{"line":55,"column":19}},"9":{"start":{"line":64,"column":2},"end":{"line":64,"column":33}}},"fnMap":{"0":{"name":"narrarLance","decl":{"start":{"line":39,"column":16},"end":{"line":39,"column":27}},"loc":{"start":{"line":39,"column":35},"end":{"line":56,"column":1}},"line":39},"1":{"name":"getPhrasesForType","decl":{"start":{"line":63,"column":16},"end":{"line":63,"column":33}},"loc":{"start":{"line":63,"column":45},"end":{"line":65,"column":1}},"line":63}},"branchMap":{"0":{"loc":{"start":{"line":41,"column":2},"end":{"line":43,"column":3}},"type":"if","locations":[{"start":{"line":41,"column":2},"end":{"line":43,"column":3}},{"start":{},"end":{}}],"line":41},"1":{"loc":{"start":{"line":41,"column":6},"end":{"line":41,"column":36}},"type":"binary-expr","locations":[{"start":{"line":41,"column":6},"end":{"line":41,"column":13}},{"start":{"line":41,"column":17},"end":{"line":41,"column":36}}],"line":41},"2":{"loc":{"start":{"line":51,"column":2},"end":{"line":53,"column":3}},"type":"if","locations":[{"start":{"line":51,"column":2},"end":{"line":53,"column":3}},{"start":{},"end":{}}],"line":51},"3":{"loc":{"start":{"line":64,"column":9},"end":{"line":64,"column":32}},"type":"binary-expr","locations":[{"start":{"line":64,"column":9},"end":{"line":64,"column":26}},{"start":{"line":64,"column":30},"end":{"line":64,"column":32}}],"line":64}},"s":{"0":0,"1":0,"2":0,"3":0,"4":0,"5":0,"6":0,"7":0,"8":0,"9":0},"f":{"0":0,"1":0},"b":{"0":[0,0],"1":[0,0],"2":[0,0],"3":[0,0]},"inputSourceMap":null}
,"/Users/hamonvitorino/workspace/cartola-elifoot/public/js/simulacao.js": {"path":"/Users/hamonvitorino/workspace/cartola-elifoot/public/js/simulacao.js","statementMap":{"0":{"start":{"line":5,"column":25},"end":{"line":5,"column":27}},"1":{"start":{"line":6,"column":25},"end":{"line":6,"column":27}},"2":{"start":{"line":7,"column":24},"end":{"line":7,"column":28}},"3":{"start":{"line":8,"column":24},"end":{"line":8,"column":55}},"4":{"start":{"line":8,"column":30},"end":{"line":8,"column":55}},"5":{"start":{"line":10,"column":29},"end":{"line":16,"column":1}},"6":{"start":{"line":26,"column":19},"end":{"line":30,"column":3}},"7":{"start":{"line":32,"column":24},"end":{"line":36,"column":3}},"8":{"start":{"line":39,"column":22},"end":{"line":39,"column":110}},"9":{"start":{"line":40,"column":17},"end":{"line":40,"column":19}},"10":{"start":{"line":41,"column":15},"end":{"line":41,"column":40}},"11":{"start":{"line":42,"column":18},"end":{"line":42,"column":45}},"12":{"start":{"line":44,"column":2},"end":{"line":66,"column":3}},"13":{"start":{"line":44,"column":15},"end":{"line":44,"column":16}},"14":{"start":{"line":46,"column":23},"end":{"line":46,"column":77}},"15":{"start":{"line":47,"column":22},"end":{"line":47,"column":70}},"16":{"start":{"line":48,"column":24},"end":{"line":48,"column":72}},"17":{"start":{"line":51,"column":19},"end":{"line":51,"column":85}},"18":{"start":{"line":53,"column":18},"end":{"line":53,"column":72}},"19":{"start":{"line":55,"column":4},"end":{"line":63,"column":5}},"20":{"start":{"line":56,"column":6},"end":{"line":62,"column":7}},"21":{"start":{"line":57,"column":8},"end":{"line":57,"column":22}},"22":{"start":{"line":58,"column":8},"end":{"line":58,"column":79}},"23":{"start":{"line":60,"column":8},"end":{"line":60,"column":27}},"24":{"start":{"line":61,"column":8},"end":{"line":61,"column":89}},"25":{"start":{"line":65,"column":4},"end":{"line":65,"column":23}},"26":{"start":{"line":69,"column":20},"end":{"line":81,"column":3}},"27":{"start":{"line":72,"column":64},"end":{"line":72,"column":78}},"28":{"start":{"line":73,"column":74},"end":{"line":73,"column":88}},"29":{"start":{"line":77,"column":8},"end":{"line":77,"column":68}},"30":{"start":{"line":79,"column":8},"end":{"line":79,"column":68}},"31":{"start":{"line":83,"column":2},"end":{"line":87,"column":4}},"32":{"start":{"line":96,"column":2},"end":{"line":98,"column":3}},"33":{"start":{"line":97,"column":4},"end":{"line":97,"column":46}},"34":{"start":{"line":101,"column":20},"end":{"line":101,"column":61}},"35":{"start":{"line":101,"column":42},"end":{"line":101,"column":60}},"36":{"start":{"line":102,"column":22},"end":{"line":104,"column":7}},"37":{"start":{"line":103,"column":35},"end":{"line":103,"column":52}},"38":{"start":{"line":107,"column":21},"end":{"line":107,"column":84}},"39":{"start":{"line":107,"column":43},"end":{"line":107,"column":83}},"40":{"start":{"line":108,"column":22},"end":{"line":110,"column":7}},"41":{"start":{"line":109,"column":36},"end":{"line":109,"column":53}},"42":{"start":{"line":112,"column":2},"end":{"line":115,"column":4}},"43":{"start":{"line":126,"column":15},"end":{"line":126,"column":33}},"44":{"start":{"line":129,"column":19},"end":{"line":129,"column":94}},"45":{"start":{"line":130,"column":22},"end":{"line":130,"column":49}},"46":{"start":{"line":133,"column":19},"end":{"line":133,"column":98}},"47":{"start":{"line":134,"column":22},"end":{"line":134,"column":50}},"48":{"start":{"line":136,"column":16},"end":{"line":142,"column":3}},"49":{"start":{"line":145,"column":2},"end":{"line":152,"column":3}},"50":{"start":{"line":146,"column":16},"end":{"line":146,"column":76}},"51":{"start":{"line":147,"column":4},"end":{"line":151,"column":5}},"52":{"start":{"line":148,"column":6},"end":{"line":148,"column":30}},"53":{"start":{"line":150,"column":6},"end":{"line":150,"column":37}},"54":{"start":{"line":154,"column":2},"end":{"line":154,"column":15}},"55":{"start":{"line":162,"column":15},"end":{"line":162,"column":28}},"56":{"start":{"line":163,"column":19},"end":{"line":163,"column":20}},"57":{"start":{"line":165,"column":2},"end":{"line":170,"column":3}},"58":{"start":{"line":166,"column":4},"end":{"line":166,"column":23}},"59":{"start":{"line":167,"column":4},"end":{"line":169,"column":5}},"60":{"start":{"line":168,"column":6},"end":{"line":168,"column":18}},"61":{"start":{"line":172,"column":2},"end":{"line":172,"column":27}},"62":{"start":{"line":182,"column":24},"end":{"line":182,"column":75}},"63":{"start":{"line":183,"column":2},"end":{"line":183,"column":39}}},"fnMap":{"0":{"name":"(anonymous_0)","decl":{"start":{"line":8,"column":24},"end":{"line":8,"column":25}},"loc":{"start":{"line":8,"column":30},"end":{"line":8,"column":55}},"line":8},"1":{"name":"gerarPartida","decl":{"start":{"line":24,"column":16},"end":{"line":24,"column":28}},"loc":{"start":{"line":24,"column":52},"end":{"line":88,"column":1}},"line":24},"2":{"name":"(anonymous_2)","decl":{"start":{"line":72,"column":45},"end":{"line":72,"column":46}},"loc":{"start":{"line":72,"column":64},"end":{"line":72,"column":78}},"line":72},"3":{"name":"(anonymous_3)","decl":{"start":{"line":73,"column":55},"end":{"line":73,"column":56}},"loc":{"start":{"line":73,"column":74},"end":{"line":73,"column":88}},"line":73},"4":{"name":"(anonymous_4)","decl":{"start":{"line":76,"column":38},"end":{"line":76,"column":39}},"loc":{"start":{"line":77,"column":8},"end":{"line":77,"column":68}},"line":77},"5":{"name":"(anonymous_5)","decl":{"start":{"line":78,"column":48},"end":{"line":78,"column":49}},"loc":{"start":{"line":79,"column":8},"end":{"line":79,"column":68}},"line":79},"6":{"name":"calcularForca","decl":{"start":{"line":95,"column":9},"end":{"line":95,"column":22}},"loc":{"start":{"line":95,"column":34},"end":{"line":116,"column":1}},"line":95},"7":{"name":"(anonymous_7)","decl":{"start":{"line":101,"column":37},"end":{"line":101,"column":38}},"loc":{"start":{"line":101,"column":42},"end":{"line":101,"column":60}},"line":101},"8":{"name":"(anonymous_8)","decl":{"start":{"line":103,"column":23},"end":{"line":103,"column":24}},"loc":{"start":{"line":103,"column":35},"end":{"line":103,"column":52}},"line":103},"9":{"name":"(anonymous_9)","decl":{"start":{"line":107,"column":38},"end":{"line":107,"column":39}},"loc":{"start":{"line":107,"column":43},"end":{"line":107,"column":83}},"line":107},"10":{"name":"(anonymous_10)","decl":{"start":{"line":109,"column":24},"end":{"line":109,"column":25}},"loc":{"start":{"line":109,"column":36},"end":{"line":109,"column":53}},"line":109},"11":{"name":"gerarLance","decl":{"start":{"line":125,"column":9},"end":{"line":125,"column":19}},"loc":{"start":{"line":125,"column":64},"end":{"line":155,"column":1}},"line":125},"12":{"name":"sortearTipoLance","decl":{"start":{"line":161,"column":9},"end":{"line":161,"column":25}},"loc":{"start":{"line":161,"column":28},"end":{"line":173,"column":1}},"line":161},"13":{"name":"verificarGol","decl":{"start":{"line":180,"column":9},"end":{"line":180,"column":21}},"loc":{"start":{"line":180,"column":48},"end":{"line":184,"column":1}},"line":180}},"branchMap":{"0":{"loc":{"start":{"line":27,"column":10},"end":{"line":27,"column":51}},"type":"binary-expr","locations":[{"start":{"line":27,"column":10},"end":{"line":27,"column":33}},{"start":{"line":27,"column":37},"end":{"line":27,"column":51}}],"line":27},"1":{"loc":{"start":{"line":33,"column":10},"end":{"line":33,"column":41}},"type":"binary-expr","locations":[{"start":{"line":33,"column":10},"end":{"line":33,"column":26}},{"start":{"line":33,"column":30},"end":{"line":33,"column":41}}],"line":33},"2":{"loc":{"start":{"line":34,"column":15},"end":{"line":34,"column":42}},"type":"binary-expr","locations":[{"start":{"line":34,"column":15},"end":{"line":34,"column":36}},{"start":{"line":34,"column":40},"end":{"line":34,"column":42}}],"line":34},"3":{"loc":{"start":{"line":35,"column":21},"end":{"line":35,"column":48}},"type":"binary-expr","locations":[{"start":{"line":35,"column":21},"end":{"line":35,"column":42}},{"start":{"line":35,"column":46},"end":{"line":35,"column":48}}],"line":35},"4":{"loc":{"start":{"line":46,"column":23},"end":{"line":46,"column":77}},"type":"cond-expr","locations":[{"start":{"line":46,"column":57},"end":{"line":46,"column":63}},{"start":{"line":46,"column":66},"end":{"line":46,"column":77}}],"line":46},"5":{"loc":{"start":{"line":47,"column":22},"end":{"line":47,"column":70}},"type":"cond-expr","locations":[{"start":{"line":47,"column":46},"end":{"line":47,"column":54}},{"start":{"line":47,"column":57},"end":{"line":47,"column":70}}],"line":47},"6":{"loc":{"start":{"line":48,"column":24},"end":{"line":48,"column":72}},"type":"cond-expr","locations":[{"start":{"line":48,"column":48},"end":{"line":48,"column":61}},{"start":{"line":48,"column":64},"end":{"line":48,"column":72}}],"line":48},"7":{"loc":{"start":{"line":55,"column":4},"end":{"line":63,"column":5}},"type":"if","locations":[{"start":{"line":55,"column":4},"end":{"line":63,"column":5}},{"start":{},"end":{}}],"line":55},"8":{"loc":{"start":{"line":56,"column":6},"end":{"line":62,"column":7}},"type":"if","locations":[{"start":{"line":56,"column":6},"end":{"line":62,"column":7}},{"start":{"line":59,"column":13},"end":{"line":62,"column":7}}],"line":56},"9":{"loc":{"start":{"line":58,"column":40},"end":{"line":58,"column":73}},"type":"binary-expr","locations":[{"start":{"line":58,"column":40},"end":{"line":58,"column":68}},{"start":{"line":58,"column":72},"end":{"line":58,"column":73}}],"line":58},"10":{"loc":{"start":{"line":61,"column":45},"end":{"line":61,"column":83}},"type":"binary-expr","locations":[{"start":{"line":61,"column":45},"end":{"line":61,"column":78}},{"start":{"line":61,"column":82},"end":{"line":61,"column":83}}],"line":61},"11":{"loc":{"start":{"line":77,"column":8},"end":{"line":77,"column":68}},"type":"cond-expr","locations":[{"start":{"line":77,"column":54},"end":{"line":77,"column":61}},{"start":{"line":77,"column":64},"end":{"line":77,"column":68}}],"line":77},"12":{"loc":{"start":{"line":77,"column":30},"end":{"line":77,"column":49}},"type":"binary-expr","locations":[{"start":{"line":77,"column":30},"end":{"line":77,"column":44}},{"start":{"line":77,"column":48},"end":{"line":77,"column":49}}],"line":77},"13":{"loc":{"start":{"line":79,"column":8},"end":{"line":79,"column":68}},"type":"cond-expr","locations":[{"start":{"line":79,"column":54},"end":{"line":79,"column":61}},{"start":{"line":79,"column":64},"end":{"line":79,"column":68}}],"line":79},"14":{"loc":{"start":{"line":79,"column":30},"end":{"line":79,"column":49}},"type":"binary-expr","locations":[{"start":{"line":79,"column":30},"end":{"line":79,"column":44}},{"start":{"line":79,"column":48},"end":{"line":79,"column":49}}],"line":79},"15":{"loc":{"start":{"line":96,"column":2},"end":{"line":98,"column":3}},"type":"if","locations":[{"start":{"line":96,"column":2},"end":{"line":98,"column":3}},{"start":{},"end":{}}],"line":96},"16":{"loc":{"start":{"line":96,"column":6},"end":{"line":96,"column":42}},"type":"binary-expr","locations":[{"start":{"line":96,"column":6},"end":{"line":96,"column":16}},{"start":{"line":96,"column":20},"end":{"line":96,"column":42}}],"line":96},"17":{"loc":{"start":{"line":102,"column":22},"end":{"line":104,"column":7}},"type":"cond-expr","locations":[{"start":{"line":103,"column":6},"end":{"line":103,"column":75}},{"start":{"line":104,"column":6},"end":{"line":104,"column":7}}],"line":102},"18":{"loc":{"start":{"line":107,"column":43},"end":{"line":107,"column":83}},"type":"binary-expr","locations":[{"start":{"line":107,"column":43},"end":{"line":107,"column":61}},{"start":{"line":107,"column":65},"end":{"line":107,"column":83}}],"line":107},"19":{"loc":{"start":{"line":108,"column":22},"end":{"line":110,"column":7}},"type":"cond-expr","locations":[{"start":{"line":109,"column":6},"end":{"line":109,"column":77}},{"start":{"line":110,"column":6},"end":{"line":110,"column":7}}],"line":108},"20":{"loc":{"start":{"line":130,"column":22},"end":{"line":130,"column":49}},"type":"binary-expr","locations":[{"start":{"line":130,"column":22},"end":{"line":130,"column":36}},{"start":{"line":130,"column":40},"end":{"line":130,"column":49}}],"line":130},"21":{"loc":{"start":{"line":134,"column":22},"end":{"line":134,"column":50}},"type":"binary-expr","locations":[{"start":{"line":134,"column":22},"end":{"line":134,"column":36}},{"start":{"line":134,"column":40},"end":{"line":134,"column":50}}],"line":134},"22":{"loc":{"start":{"line":140,"column":14},"end":{"line":140,"column":51}},"type":"cond-expr","locations":[{"start":{"line":140,"column":33},"end":{"line":140,"column":44}},{"start":{"line":140,"column":47},"end":{"line":140,"column":51}}],"line":140},"23":{"loc":{"start":{"line":145,"column":2},"end":{"line":152,"column":3}},"type":"if","locations":[{"start":{"line":145,"column":2},"end":{"line":152,"column":3}},{"start":{},"end":{}}],"line":145},"24":{"loc":{"start":{"line":147,"column":4},"end":{"line":151,"column":5}},"type":"if","locations":[{"start":{"line":147,"column":4},"end":{"line":151,"column":5}},{"start":{"line":149,"column":11},"end":{"line":151,"column":5}}],"line":147},"25":{"loc":{"start":{"line":167,"column":4},"end":{"line":169,"column":5}},"type":"if","locations":[{"start":{"line":167,"column":4},"end":{"line":169,"column":5}},{"start":{},"end":{}}],"line":167}},"s":{"0":1,"1":1,"2":1,"3":1,"4":36,"5":1,"6":9,"7":9,"8":9,"9":9,"10":9,"11":9,"12":9,"13":9,"14":216,"15":216,"16":216,"17":216,"18":216,"19":216,"20":12,"21":7,"22":7,"23":5,"24":5,"25":216,"26":9,"27":7,"28":5,"29":99,"30":99,"31":9,"32":18,"33":0,"34":18,"35":198,"36":18,"37":39,"38":18,"39":198,"40":18,"41":67,"42":18,"43":216,"44":216,"45":216,"46":216,"47":216,"48":216,"49":216,"50":28,"51":28,"52":12,"53":16,"54":216,"55":216,"56":216,"57":216,"58":536,"59":536,"60":216,"61":0,"62":28,"63":28},"f":{"0":36,"1":9,"2":7,"3":5,"4":99,"5":99,"6":18,"7":198,"8":39,"9":198,"10":67,"11":216,"12":216,"13":28},"b":{"0":[9,9],"1":[9,0],"2":[9,0],"3":[9,0],"4":[132,84],"5":[132,84],"6":[132,84],"7":[12,204],"8":[7,5],"9":[7,7],"10":[5,5],"11":[15,84],"12":[99,9],"13":[15,84],"14":[99,9],"15":[0,18],"16":[18,18],"17":[18,0],"18":[198,172],"19":[18,0],"20":[216,0],"21":[216,0],"22":[35,181],"23":[28,188],"24":[12,16],"25":[216,320]},"inputSourceMap":null,"_coverageSchema":"1a1c01bbd47fc00a2c39e90264f33305004495a9","hash":"bead42fc0f032fa4284b21cf8c4ce7c84a4b2ddc"}
,"/Users/hamonvitorino/workspace/cartola-elifoot/public/js/standings.js": {"path":"/Users/hamonvitorino/workspace/cartola-elifoot/public/js/standings.js","statementMap":{"0":{"start":{"line":15,"column":2},"end":{"line":34,"column":3}},"1":{"start":{"line":16,"column":21},"end":{"line":16,"column":54}},"2":{"start":{"line":17,"column":4},"end":{"line":19,"column":5}},"3":{"start":{"line":18,"column":6},"end":{"line":18,"column":49}},"4":{"start":{"line":20,"column":17},"end":{"line":20,"column":38}},"5":{"start":{"line":21,"column":4},"end":{"line":21,"column":58}},"6":{"start":{"line":23,"column":4},"end":{"line":23,"column":76}},"7":{"start":{"line":24,"column":4},"end":{"line":33,"column":5}},"8":{"start":{"line":25,"column":23},"end":{"line":25,"column":63}},"9":{"start":{"line":26,"column":6},"end":{"line":28,"column":7}},"10":{"start":{"line":27,"column":8},"end":{"line":27,"column":51}},"11":{"start":{"line":29,"column":6},"end":{"line":29,"column":35}},"12":{"start":{"line":31,"column":6},"end":{"line":31,"column":78}},"13":{"start":{"line":32,"column":6},"end":{"line":32,"column":16}},"14":{"start":{"line":44,"column":2},"end":{"line":44,"column":25}},"15":{"start":{"line":44,"column":18},"end":{"line":44,"column":25}},"16":{"start":{"line":47,"column":2},"end":{"line":47,"column":27}},"17":{"start":{"line":49,"column":2},"end":{"line":52,"column":3}},"18":{"start":{"line":50,"column":4},"end":{"line":50,"column":68}},"19":{"start":{"line":51,"column":4},"end":{"line":51,"column":11}},"20":{"start":{"line":55,"column":20},"end":{"line":92,"column":3}},"21":{"start":{"line":73,"column":32},"end":{"line":73,"column":69}},"22":{"start":{"line":74,"column":27},"end":{"line":74,"column":89}},"23":{"start":{"line":75,"column":10},"end":{"line":88,"column":12}},"24":{"start":{"line":94,"column":2},"end":{"line":94,"column":34}},"25":{"start":{"line":103,"column":2},"end":{"line":105,"column":3}},"26":{"start":{"line":104,"column":4},"end":{"line":104,"column":14}},"27":{"start":{"line":107,"column":2},"end":{"line":122,"column":5}},"28":{"start":{"line":109,"column":4},"end":{"line":111,"column":5}},"29":{"start":{"line":110,"column":6},"end":{"line":110,"column":47}},"30":{"start":{"line":114,"column":19},"end":{"line":114,"column":97}},"31":{"start":{"line":115,"column":19},"end":{"line":115,"column":97}},"32":{"start":{"line":116,"column":4},"end":{"line":118,"column":5}},"33":{"start":{"line":117,"column":6},"end":{"line":117,"column":29}},"34":{"start":{"line":121,"column":4},"end":{"line":121,"column":49}},"35":{"start":{"line":132,"column":2},"end":{"line":134,"column":3}},"36":{"start":{"line":133,"column":4},"end":{"line":133,"column":16}},"37":{"start":{"line":136,"column":16},"end":{"line":136,"column":56}},"38":{"start":{"line":136,"column":33},"end":{"line":136,"column":55}},"39":{"start":{"line":137,"column":2},"end":{"line":137,"column":38}}},"fnMap":{"0":{"name":"obterTabelaClassificacao","decl":{"start":{"line":14,"column":22},"end":{"line":14,"column":46}},"loc":{"start":{"line":14,"column":49},"end":{"line":35,"column":1}},"line":14},"1":{"name":"renderTabelaClassificacao","decl":{"start":{"line":43,"column":16},"end":{"line":43,"column":41}},"loc":{"start":{"line":43,"column":70},"end":{"line":95,"column":1}},"line":43},"2":{"name":"(anonymous_2)","decl":{"start":{"line":72,"column":21},"end":{"line":72,"column":22}},"loc":{"start":{"line":72,"column":30},"end":{"line":89,"column":9}},"line":72},"3":{"name":"ordenarTabela","decl":{"start":{"line":102,"column":16},"end":{"line":102,"column":29}},"loc":{"start":{"line":102,"column":38},"end":{"line":123,"column":1}},"line":102},"4":{"name":"(anonymous_4)","decl":{"start":{"line":107,"column":26},"end":{"line":107,"column":27}},"loc":{"start":{"line":107,"column":36},"end":{"line":122,"column":3}},"line":107},"5":{"name":"obterPosicaoDoClube","decl":{"start":{"line":131,"column":16},"end":{"line":131,"column":35}},"loc":{"start":{"line":131,"column":53},"end":{"line":138,"column":1}},"line":131},"6":{"name":"(anonymous_6)","decl":{"start":{"line":136,"column":28},"end":{"line":136,"column":29}},"loc":{"start":{"line":136,"column":33},"end":{"line":136,"column":55}},"line":136}},"branchMap":{"0":{"loc":{"start":{"line":17,"column":4},"end":{"line":19,"column":5}},"type":"if","locations":[{"start":{"line":17,"column":4},"end":{"line":19,"column":5}},{"start":{},"end":{}}],"line":17},"1":{"loc":{"start":{"line":21,"column":11},"end":{"line":21,"column":57}},"type":"cond-expr","locations":[{"start":{"line":21,"column":33},"end":{"line":21,"column":37}},{"start":{"line":21,"column":40},"end":{"line":21,"column":57}}],"line":21},"2":{"loc":{"start":{"line":21,"column":40},"end":{"line":21,"column":57}},"type":"binary-expr","locations":[{"start":{"line":21,"column":40},"end":{"line":21,"column":51}},{"start":{"line":21,"column":55},"end":{"line":21,"column":57}}],"line":21},"3":{"loc":{"start":{"line":26,"column":6},"end":{"line":28,"column":7}},"type":"if","locations":[{"start":{"line":26,"column":6},"end":{"line":28,"column":7}},{"start":{},"end":{}}],"line":26},"4":{"loc":{"start":{"line":44,"column":2},"end":{"line":44,"column":25}},"type":"if","locations":[{"start":{"line":44,"column":2},"end":{"line":44,"column":25}},{"start":{},"end":{}}],"line":44},"5":{"loc":{"start":{"line":49,"column":2},"end":{"line":52,"column":3}},"type":"if","locations":[{"start":{"line":49,"column":2},"end":{"line":52,"column":3}},{"start":{},"end":{}}],"line":49},"6":{"loc":{"start":{"line":49,"column":6},"end":{"line":49,"column":36}},"type":"binary-expr","locations":[{"start":{"line":49,"column":6},"end":{"line":49,"column":13}},{"start":{"line":49,"column":17},"end":{"line":49,"column":36}}],"line":49},"7":{"loc":{"start":{"line":73,"column":32},"end":{"line":73,"column":69}},"type":"binary-expr","locations":[{"start":{"line":73,"column":32},"end":{"line":73,"column":39}},{"start":{"line":73,"column":43},"end":{"line":73,"column":69}}],"line":73},"8":{"loc":{"start":{"line":74,"column":27},"end":{"line":74,"column":89}},"type":"cond-expr","locations":[{"start":{"line":74,"column":43},"end":{"line":74,"column":71}},{"start":{"line":74,"column":74},"end":{"line":74,"column":89}}],"line":74},"9":{"loc":{"start":{"line":78,"column":33},"end":{"line":78,"column":67}},"type":"binary-expr","locations":[{"start":{"line":78,"column":33},"end":{"line":78,"column":49}},{"start":{"line":78,"column":53},"end":{"line":78,"column":67}}],"line":78},"10":{"loc":{"start":{"line":79,"column":20},"end":{"line":79,"column":36}},"type":"binary-expr","locations":[{"start":{"line":79,"column":20},"end":{"line":79,"column":31}},{"start":{"line":79,"column":35},"end":{"line":79,"column":36}}],"line":79},"11":{"loc":{"start":{"line":80,"column":20},"end":{"line":80,"column":39}},"type":"binary-expr","locations":[{"start":{"line":80,"column":20},"end":{"line":80,"column":34}},{"start":{"line":80,"column":38},"end":{"line":80,"column":39}}],"line":80},"12":{"loc":{"start":{"line":81,"column":20},"end":{"line":81,"column":38}},"type":"binary-expr","locations":[{"start":{"line":81,"column":20},"end":{"line":81,"column":33}},{"start":{"line":81,"column":37},"end":{"line":81,"column":38}}],"line":81},"13":{"loc":{"start":{"line":82,"column":20},"end":{"line":82,"column":39}},"type":"binary-expr","locations":[{"start":{"line":82,"column":20},"end":{"line":82,"column":34}},{"start":{"line":82,"column":38},"end":{"line":82,"column":39}}],"line":82},"14":{"loc":{"start":{"line":83,"column":20},"end":{"line":83,"column":39}},"type":"binary-expr","locations":[{"start":{"line":83,"column":20},"end":{"line":83,"column":34}},{"start":{"line":83,"column":38},"end":{"line":83,"column":39}}],"line":83},"15":{"loc":{"start":{"line":84,"column":20},"end":{"line":84,"column":42}},"type":"binary-expr","locations":[{"start":{"line":84,"column":20},"end":{"line":84,"column":37}},{"start":{"line":84,"column":41},"end":{"line":84,"column":42}}],"line":84},"16":{"loc":{"start":{"line":85,"column":20},"end":{"line":85,"column":110}},"type":"cond-expr","locations":[{"start":{"line":85,"column":48},"end":{"line":85,"column":59}},{"start":{"line":85,"column":62},"end":{"line":85,"column":110}}],"line":85},"17":{"loc":{"start":{"line":85,"column":63},"end":{"line":85,"column":82}},"type":"binary-expr","locations":[{"start":{"line":85,"column":63},"end":{"line":85,"column":77}},{"start":{"line":85,"column":81},"end":{"line":85,"column":82}}],"line":85},"18":{"loc":{"start":{"line":85,"column":87},"end":{"line":85,"column":109}},"type":"binary-expr","locations":[{"start":{"line":85,"column":87},"end":{"line":85,"column":104}},{"start":{"line":85,"column":108},"end":{"line":85,"column":109}}],"line":85},"19":{"loc":{"start":{"line":86,"column":35},"end":{"line":86,"column":52}},"type":"binary-expr","locations":[{"start":{"line":86,"column":35},"end":{"line":86,"column":47}},{"start":{"line":86,"column":51},"end":{"line":86,"column":52}}],"line":86},"20":{"loc":{"start":{"line":103,"column":2},"end":{"line":105,"column":3}},"type":"if","locations":[{"start":{"line":103,"column":2},"end":{"line":105,"column":3}},{"start":{},"end":{}}],"line":103},"21":{"loc":{"start":{"line":109,"column":4},"end":{"line":111,"column":5}},"type":"if","locations":[{"start":{"line":109,"column":4},"end":{"line":111,"column":5}},{"start":{},"end":{}}],"line":109},"22":{"loc":{"start":{"line":109,"column":9},"end":{"line":109,"column":22}},"type":"binary-expr","locations":[{"start":{"line":109,"column":9},"end":{"line":109,"column":17}},{"start":{"line":109,"column":21},"end":{"line":109,"column":22}}],"line":109},"23":{"loc":{"start":{"line":109,"column":29},"end":{"line":109,"column":42}},"type":"binary-expr","locations":[{"start":{"line":109,"column":29},"end":{"line":109,"column":37}},{"start":{"line":109,"column":41},"end":{"line":109,"column":42}}],"line":109},"24":{"loc":{"start":{"line":110,"column":14},"end":{"line":110,"column":27}},"type":"binary-expr","locations":[{"start":{"line":110,"column":14},"end":{"line":110,"column":22}},{"start":{"line":110,"column":26},"end":{"line":110,"column":27}}],"line":110},"25":{"loc":{"start":{"line":110,"column":32},"end":{"line":110,"column":45}},"type":"binary-expr","locations":[{"start":{"line":110,"column":32},"end":{"line":110,"column":40}},{"start":{"line":110,"column":44},"end":{"line":110,"column":45}}],"line":110},"26":{"loc":{"start":{"line":114,"column":19},"end":{"line":114,"column":97}},"type":"cond-expr","locations":[{"start":{"line":114,"column":45},"end":{"line":114,"column":52}},{"start":{"line":114,"column":56},"end":{"line":114,"column":96}}],"line":114},"27":{"loc":{"start":{"line":114,"column":57},"end":{"line":114,"column":72}},"type":"binary-expr","locations":[{"start":{"line":114,"column":57},"end":{"line":114,"column":67}},{"start":{"line":114,"column":71},"end":{"line":114,"column":72}}],"line":114},"28":{"loc":{"start":{"line":114,"column":77},"end":{"line":114,"column":95}},"type":"binary-expr","locations":[{"start":{"line":114,"column":77},"end":{"line":114,"column":90}},{"start":{"line":114,"column":94},"end":{"line":114,"column":95}}],"line":114},"29":{"loc":{"start":{"line":115,"column":19},"end":{"line":115,"column":97}},"type":"cond-expr","locations":[{"start":{"line":115,"column":45},"end":{"line":115,"column":52}},{"start":{"line":115,"column":56},"end":{"line":115,"column":96}}],"line":115},"30":{"loc":{"start":{"line":115,"column":57},"end":{"line":115,"column":72}},"type":"binary-expr","locations":[{"start":{"line":115,"column":57},"end":{"line":115,"column":67}},{"start":{"line":115,"column":71},"end":{"line":115,"column":72}}],"line":115},"31":{"loc":{"start":{"line":115,"column":77},"end":{"line":115,"column":95}},"type":"binary-expr","locations":[{"start":{"line":115,"column":77},"end":{"line":115,"column":90}},{"start":{"line":115,"column":94},"end":{"line":115,"column":95}}],"line":115},"32":{"loc":{"start":{"line":116,"column":4},"end":{"line":118,"column":5}},"type":"if","locations":[{"start":{"line":116,"column":4},"end":{"line":118,"column":5}},{"start":{},"end":{}}],"line":116},"33":{"loc":{"start":{"line":121,"column":12},"end":{"line":121,"column":27}},"type":"binary-expr","locations":[{"start":{"line":121,"column":12},"end":{"line":121,"column":22}},{"start":{"line":121,"column":26},"end":{"line":121,"column":27}}],"line":121},"34":{"loc":{"start":{"line":121,"column":32},"end":{"line":121,"column":47}},"type":"binary-expr","locations":[{"start":{"line":121,"column":32},"end":{"line":121,"column":42}},{"start":{"line":121,"column":46},"end":{"line":121,"column":47}}],"line":121},"35":{"loc":{"start":{"line":132,"column":2},"end":{"line":134,"column":3}},"type":"if","locations":[{"start":{"line":132,"column":2},"end":{"line":134,"column":3}},{"start":{},"end":{}}],"line":132},"36":{"loc":{"start":{"line":132,"column":6},"end":{"line":132,"column":40}},"type":"binary-expr","locations":[{"start":{"line":132,"column":6},"end":{"line":132,"column":28}},{"start":{"line":132,"column":32},"end":{"line":132,"column":40}}],"line":132},"37":{"loc":{"start":{"line":137,"column":9},"end":{"line":137,"column":37}},"type":"cond-expr","locations":[{"start":{"line":137,"column":17},"end":{"line":137,"column":30}},{"start":{"line":137,"column":33},"end":{"line":137,"column":37}}],"line":137}},"s":{"0":0,"1":0,"2":0,"3":0,"4":0,"5":0,"6":0,"7":0,"8":0,"9":0,"10":0,"11":0,"12":0,"13":0,"14":8,"15":1,"16":7,"17":7,"18":1,"19":1,"20":6,"21":10,"22":10,"23":10,"24":6,"25":8,"26":3,"27":5,"28":17,"29":9,"30":8,"31":8,"32":8,"33":5,"34":3,"35":9,"36":5,"37":4,"38":9,"39":4},"f":{"0":0,"1":8,"2":10,"3":8,"4":17,"5":9,"6":9},"b":{"0":[0,0],"1":[0,0],"2":[0,0],"3":[0,0],"4":[1,7],"5":[1,6],"6":[7,7],"7":[10,2],"8":[1,9],"9":[10,0],"10":[10,2],"11":[10,2],"12":[10,6],"13":[10,2],"14":[10,1],"15":[10,1],"16":[8,2],"17":[2,1],"18":[2,1],"19":[10,2],"20":[3,5],"21":[9,8],"22":[17,1],"23":[17,0],"24":[9,1],"25":[9,0],"26":[8,0],"27":[0,0],"28":[0,0],"29":[8,0],"30":[0,0],"31":[0,0],"32":[5,3],"33":[3,0],"34":[3,0],"35":[5,4],"36":[9,6],"37":[3,1]},"inputSourceMap":null,"_coverageSchema":"1a1c01bbd47fc00a2c39e90264f33305004495a9","hash":"6f647622014014ccc120e96a5b4abc1144a19472"}
}
