TN:
SF:public/js/animacao.js
FN:26,configurarAnimacao
FN:39,animarTexto
FN:40,(anonymous_2)
FN:65,(anonymous_3)
FN:74,(anonymous_4)
FN:104,(anonymous_5)
FN:120,animarFilaTextos
FN:137,cancelarAnimacoes
FN:142,(anonymous_8)
FN:151,obterEstatisticasAnimacao
FN:159,obterConfiguracao
FN:167,temAnimacaoEmAndamento
FN:174,resetarEstatisticas
FNF:13
FNH:0
FNDA:0,configurarAnimacao
FNDA:0,animarTexto
FNDA:0,(anonymous_2)
FNDA:0,(anonymous_3)
FNDA:0,(anonymous_4)
FNDA:0,(anonymous_5)
FNDA:0,animarFilaTextos
FNDA:0,cancelarAnimacoes
FNDA:0,(anonymous_8)
FNDA:0,obterEstatisticasAnimacao
FNDA:0,obterConfiguracao
FNDA:0,temAnimacaoEmAndamento
FNDA:0,resetarEstatisticas
DA:5,0
DA:12,0
DA:18,0
DA:19,0
DA:27,0
DA:28,0
DA:40,0
DA:41,0
DA:42,0
DA:43,0
DA:46,0
DA:47,0
DA:48,0
DA:49,0
DA:52,0
DA:53,0
DA:56,0
DA:57,0
DA:61,0
DA:62,0
DA:65,0
DA:66,0
DA:67,0
DA:68,0
DA:71,0
DA:72,0
DA:74,0
DA:75,0
DA:76,0
DA:77,0
DA:80,0
DA:81,0
DA:82,0
DA:83,0
DA:85,0
DA:86,0
DA:87,0
DA:90,0
DA:91,0
DA:93,0
DA:96,0
DA:97,0
DA:99,0
DA:100,0
DA:101,0
DA:104,0
DA:106,0
DA:110,0
DA:121,0
DA:122,0
DA:125,0
DA:126,0
DA:127,0
DA:130,0
DA:138,0
DA:139,0
DA:142,0
DA:143,0
DA:152,0
DA:160,0
DA:168,0
DA:175,0
LF:62
LH:0
BRDA:27,0,0,0
BRDA:27,0,1,0
BRDA:27,1,0,0
BRDA:27,1,1,0
BRDA:39,2,0,0
BRDA:41,3,0,0
BRDA:41,3,1,0
BRDA:41,4,0,0
BRDA:41,4,1,0
BRDA:46,5,0,0
BRDA:46,5,1,0
BRDA:47,6,0,0
BRDA:47,6,1,0
BRDA:49,7,0,0
BRDA:49,7,1,0
BRDA:56,8,0,0
BRDA:56,8,1,0
BRDA:66,9,0,0
BRDA:66,9,1,0
BRDA:66,10,0,0
BRDA:66,10,1,0
BRDA:75,11,0,0
BRDA:75,11,1,0
BRDA:75,12,0,0
BRDA:75,12,1,0
BRDA:80,13,0,0
BRDA:80,13,1,0
BRDA:85,14,0,0
BRDA:85,14,1,0
BRDA:121,15,0,0
BRDA:121,15,1,0
BRDA:121,16,0,0
BRDA:121,16,1,0
BRDA:126,17,0,0
BRDA:126,17,1,0
BRDA:130,18,0,0
BRDA:130,18,1,0
BRF:37
BRH:0
end_of_record
TN:
SF:public/js/api.js
FN:9,getClubs
FN:17,getPlayers
FN:26,getPlayersByClub
FN:29,(anonymous_3)
FN:33,(anonymous_4)
FN:42,getPartidas
FN:50,getDestaques
FN:60,fetch_safe
FNF:8
FNH:0
FNDA:0,getClubs
FNDA:0,getPlayers
FNDA:0,getPlayersByClub
FNDA:0,(anonymous_3)
FNDA:0,(anonymous_4)
FNDA:0,getPartidas
FNDA:0,getDestaques
FNDA:0,fetch_safe
DA:3,0
DA:10,0
DA:18,0
DA:27,0
DA:28,0
DA:29,0
DA:31,0
DA:32,0
DA:33,0
DA:43,0
DA:51,0
DA:61,0
DA:62,0
DA:67,0
DA:68,0
DA:71,0
DA:72,0
DA:74,0
DA:77,0
DA:78,0
DA:79,0
DA:80,0
DA:81,0
DA:82,0
DA:83,0
DA:84,0
DA:87,0
LF:27
LH:0
BRDA:67,0,0,0
BRDA:67,0,1,0
BRDA:77,1,0,0
BRDA:77,1,1,0
BRDA:79,2,0,0
BRDA:79,2,1,0
BRDA:81,3,0,0
BRDA:81,3,1,0
BRDA:83,4,0,0
BRDA:83,4,1,0
BRF:10
BRH:0
end_of_record
TN:
SF:public/js/estado.js
FN:11,estadoInicial
FN:34,getEstado
FN:51,setEstado
FN:65,salvarResultado
FN:78,resetEstado
FN:90,ultimoResultado
FN:102,atualizarTabela
FN:115,obterTabelaAtualizada
FN:137,atualizarEstatisticas
FNF:9
FNH:0
FNDA:0,estadoInicial
FNDA:0,getEstado
FNDA:0,setEstado
FNDA:0,salvarResultado
FNDA:0,resetEstado
FNDA:0,ultimoResultado
FNDA:0,atualizarTabela
FNDA:0,obterTabelaAtualizada
FNDA:0,atualizarEstatisticas
DA:5,0
DA:12,0
DA:35,0
DA:36,0
DA:37,0
DA:38,0
DA:41,0
DA:44,0
DA:52,0
DA:53,0
DA:54,0
DA:55,0
DA:57,0
DA:66,0
DA:67,0
DA:68,0
DA:69,0
DA:71,0
DA:79,0
DA:80,0
DA:82,0
DA:91,0
DA:92,0
DA:93,0
DA:95,0
DA:103,0
DA:116,0
DA:117,0
DA:118,0
DA:121,0
DA:123,0
DA:124,0
DA:128,0
DA:129,0
DA:130,0
DA:138,0
DA:139,0
LF:37
LH:0
BRDA:37,0,0,0
BRDA:37,0,1,0
BRDA:68,1,0,0
BRDA:68,1,1,0
BRDA:92,2,0,0
BRDA:92,2,1,0
BRDA:92,3,0,0
BRDA:92,3,1,0
BRDA:115,4,0,0
BRDA:118,5,0,0
BRDA:118,5,1,0
BRDA:123,6,0,0
BRDA:123,6,1,0
BRDA:123,7,0,0
BRDA:123,7,1,0
BRDA:123,7,2,0
BRF:16
BRH:0
end_of_record
TN:
SF:public/js/historico.js
FN:9,adicionarResultadoAoHistorico
FN:28,obterHistoricoCompleto
FN:47,filtrarHistoricoPorAdversario
FN:49,(anonymous_3)
FN:60,calcularEstatisticasSeason
FN:73,(anonymous_5)
FN:100,renderCartaoHistorico
FN:153,renderTimelineHistorico
FN:164,(anonymous_8)
FN:173,(anonymous_9)
FN:186,obterUltimosResultados
FN:188,(anonymous_11)
FNF:12
FNH:0
FNDA:0,adicionarResultadoAoHistorico
FNDA:0,obterHistoricoCompleto
FNDA:0,filtrarHistoricoPorAdversario
FNDA:0,(anonymous_3)
FNDA:0,calcularEstatisticasSeason
FNDA:0,(anonymous_5)
FNDA:0,renderCartaoHistorico
FNDA:0,renderTimelineHistorico
FNDA:0,(anonymous_8)
FNDA:0,(anonymous_9)
FNDA:0,obterUltimosResultados
FNDA:0,(anonymous_11)
DA:10,0
DA:12,0
DA:13,0
DA:14,0
DA:18,0
DA:20,0
DA:29,0
DA:30,0
DA:31,0
DA:32,0
DA:34,0
DA:35,0
DA:37,0
DA:38,0
DA:48,0
DA:49,0
DA:50,0
DA:51,0
DA:61,0
DA:62,0
DA:65,0
DA:73,0
DA:74,0
DA:75,0
DA:76,0
DA:79,0
DA:80,0
DA:82,0
DA:83,0
DA:84,0
DA:85,0
DA:87,0
DA:91,0
DA:92,0
DA:101,0
DA:102,0
DA:104,0
DA:105,0
DA:106,0
DA:107,0
DA:108,0
DA:109,0
DA:110,0
DA:112,0
DA:113,0
DA:115,0
DA:145,0
DA:154,0
DA:156,0
DA:158,0
DA:159,0
DA:160,0
DA:164,0
DA:165,0
DA:166,0
DA:167,0
DA:170,0
DA:171,0
DA:173,0
DA:174,0
DA:175,0
DA:178,0
DA:187,0
DA:188,0
DA:189,0
DA:190,0
DA:191,0
DA:193,0
LF:68
LH:0
BRDA:10,0,0,0
BRDA:10,0,1,0
BRDA:31,1,0,0
BRDA:31,1,1,0
BRDA:35,2,0,0
BRDA:35,2,1,0
BRDA:50,3,0,0
BRDA:50,3,1,0
BRDA:51,4,0,0
BRDA:51,4,1,0
BRDA:61,5,0,0
BRDA:61,5,1,0
BRDA:74,6,0,0
BRDA:74,6,1,0
BRDA:75,7,0,0
BRDA:75,7,1,0
BRDA:76,8,0,0
BRDA:76,8,1,0
BRDA:82,9,0,0
BRDA:82,9,1,0
BRDA:84,10,0,0
BRDA:84,10,1,0
BRDA:104,11,0,0
BRDA:104,11,1,0
BRDA:105,12,0,0
BRDA:105,12,1,0
BRDA:106,13,0,0
BRDA:106,13,1,0
BRDA:107,14,0,0
BRDA:107,14,1,0
BRDA:108,15,0,0
BRDA:108,15,1,0
BRDA:109,16,0,0
BRDA:109,16,1,0
BRDA:110,17,0,0
BRDA:110,17,1,0
BRDA:112,18,0,0
BRDA:112,18,1,0
BRDA:112,19,0,0
BRDA:112,19,1,0
BRDA:113,20,0,0
BRDA:113,20,1,0
BRDA:113,21,0,0
BRDA:113,21,1,0
BRDA:117,22,0,0
BRDA:117,22,1,0
BRDA:122,23,0,0
BRDA:122,23,1,0
BRDA:136,24,0,0
BRDA:136,24,1,0
BRDA:140,25,0,0
BRDA:140,25,1,0
BRDA:154,26,0,0
BRDA:154,26,1,0
BRDA:158,27,0,0
BRDA:158,27,1,0
BRDA:158,28,0,0
BRDA:158,28,1,0
BRDA:165,29,0,0
BRDA:165,29,1,0
BRDA:166,30,0,0
BRDA:166,30,1,0
BRDA:186,31,0,0
BRDA:189,32,0,0
BRDA:189,32,1,0
BRDA:190,33,0,0
BRDA:190,33,1,0
BRF:67
BRH:0
end_of_record
TN:
SF:public/js/narracao-extended.js
FN:136,narrarLance
FN:160,getPhrasesForType
FN:168,obterTotalDeFrases
FN:181,obterContagemPorTipo
FN:190,obterTiposDisponíveis
FNF:5
FNH:0
FNDA:0,narrarLance
FNDA:0,getPhrasesForType
FNDA:0,obterTotalDeFrases
FNDA:0,obterContagemPorTipo
FNDA:0,obterTiposDisponíveis
DA:6,0
DA:137,0
DA:138,0
DA:139,0
DA:142,0
DA:143,0
DA:148,0
DA:149,0
DA:152,0
DA:161,0
DA:169,0
DA:170,0
DA:171,0
DA:173,0
DA:182,0
DA:183,0
DA:191,0
LF:17
LH:0
BRDA:138,0,0,0
BRDA:138,0,1,0
BRDA:138,1,0,0
BRDA:138,1,1,0
BRDA:148,2,0,0
BRDA:148,2,1,0
BRDA:161,3,0,0
BRDA:161,3,1,0
BRDA:183,4,0,0
BRDA:183,4,1,0
BRF:10
BRH:0
end_of_record
TN:
SF:public/js/narracao.js
FN:39,narrarLance
FN:63,getPhrasesForType
FNF:2
FNH:0
FNDA:0,narrarLance
FNDA:0,getPhrasesForType
DA:5,0
DA:40,0
DA:41,0
DA:42,0
DA:45,0
DA:46,0
DA:51,0
DA:52,0
DA:55,0
DA:64,0
LF:10
LH:0
BRDA:41,0,0,0
BRDA:41,0,1,0
BRDA:41,1,0,0
BRDA:41,1,1,0
BRDA:51,2,0,0
BRDA:51,2,1,0
BRDA:64,3,0,0
BRDA:64,3,1,0
BRF:8
BRH:0
end_of_record
TN:
SF:public/js/simulacao.js
FN:8,(anonymous_0)
FN:24,gerarPartida
FN:72,(anonymous_2)
FN:73,(anonymous_3)
FN:76,(anonymous_4)
FN:78,(anonymous_5)
FN:95,calcularForca
FN:101,(anonymous_7)
FN:103,(anonymous_8)
FN:107,(anonymous_9)
FN:109,(anonymous_10)
FN:125,gerarLance
FN:161,sortearTipoLance
FN:180,verificarGol
FNF:14
FNH:0
FNDA:0,(anonymous_0)
FNDA:0,gerarPartida
FNDA:0,(anonymous_2)
FNDA:0,(anonymous_3)
FNDA:0,(anonymous_4)
FNDA:0,(anonymous_5)
FNDA:0,calcularForca
FNDA:0,(anonymous_7)
FNDA:0,(anonymous_8)
FNDA:0,(anonymous_9)
FNDA:0,(anonymous_10)
FNDA:0,gerarLance
FNDA:0,sortearTipoLance
FNDA:0,verificarGol
DA:5,0
DA:6,0
DA:7,0
DA:8,0
DA:10,0
DA:26,0
DA:32,0
DA:39,0
DA:40,0
DA:41,0
DA:42,0
DA:44,0
DA:46,0
DA:47,0
DA:48,0
DA:51,0
DA:53,0
DA:55,0
DA:56,0
DA:57,0
DA:58,0
DA:60,0
DA:61,0
DA:65,0
DA:69,0
DA:72,0
DA:73,0
DA:77,0
DA:79,0
DA:83,0
DA:96,0
DA:97,0
DA:101,0
DA:102,0
DA:103,0
DA:107,0
DA:108,0
DA:109,0
DA:112,0
DA:126,0
DA:129,0
DA:130,0
DA:133,0
DA:134,0
DA:136,0
DA:145,0
DA:146,0
DA:147,0
DA:148,0
DA:150,0
DA:154,0
DA:162,0
DA:163,0
DA:165,0
DA:166,0
DA:167,0
DA:168,0
DA:172,0
DA:182,0
DA:183,0
LF:60
LH:0
BRDA:27,0,0,0
BRDA:27,0,1,0
BRDA:33,1,0,0
BRDA:33,1,1,0
BRDA:34,2,0,0
BRDA:34,2,1,0
BRDA:35,3,0,0
BRDA:35,3,1,0
BRDA:46,4,0,0
BRDA:46,4,1,0
BRDA:47,5,0,0
BRDA:47,5,1,0
BRDA:48,6,0,0
BRDA:48,6,1,0
BRDA:55,7,0,0
BRDA:55,7,1,0
BRDA:56,8,0,0
BRDA:56,8,1,0
BRDA:58,9,0,0
BRDA:58,9,1,0
BRDA:61,10,0,0
BRDA:61,10,1,0
BRDA:77,11,0,0
BRDA:77,11,1,0
BRDA:77,12,0,0
BRDA:77,12,1,0
BRDA:79,13,0,0
BRDA:79,13,1,0
BRDA:79,14,0,0
BRDA:79,14,1,0
BRDA:96,15,0,0
BRDA:96,15,1,0
BRDA:96,16,0,0
BRDA:96,16,1,0
BRDA:102,17,0,0
BRDA:102,17,1,0
BRDA:107,18,0,0
BRDA:107,18,1,0
BRDA:108,19,0,0
BRDA:108,19,1,0
BRDA:130,20,0,0
BRDA:130,20,1,0
BRDA:134,21,0,0
BRDA:134,21,1,0
BRDA:140,22,0,0
BRDA:140,22,1,0
BRDA:145,23,0,0
BRDA:145,23,1,0
BRDA:147,24,0,0
BRDA:147,24,1,0
BRDA:167,25,0,0
BRDA:167,25,1,0
BRF:52
BRH:0
end_of_record
TN:
SF:public/js/standings.js
FN:14,obterTabelaClassificacao
FN:43,renderTabelaClassificacao
FN:72,(anonymous_2)
FN:102,ordenarTabela
FN:107,(anonymous_4)
FN:131,obterPosicaoDoClube
FN:136,(anonymous_6)
FNF:7
FNH:0
FNDA:0,obterTabelaClassificacao
FNDA:0,renderTabelaClassificacao
FNDA:0,(anonymous_2)
FNDA:0,ordenarTabela
FNDA:0,(anonymous_4)
FNDA:0,obterPosicaoDoClube
FNDA:0,(anonymous_6)
DA:15,0
DA:16,0
DA:17,0
DA:18,0
DA:20,0
DA:21,0
DA:23,0
DA:24,0
DA:25,0
DA:26,0
DA:27,0
DA:29,0
DA:31,0
DA:32,0
DA:44,0
DA:47,0
DA:49,0
DA:50,0
DA:51,0
DA:55,0
DA:73,0
DA:74,0
DA:75,0
DA:94,0
DA:103,0
DA:104,0
DA:107,0
DA:109,0
DA:110,0
DA:114,0
DA:115,0
DA:116,0
DA:117,0
DA:121,0
DA:132,0
DA:133,0
DA:136,0
DA:137,0
LF:38
LH:0
BRDA:17,0,0,0
BRDA:17,0,1,0
BRDA:21,1,0,0
BRDA:21,1,1,0
BRDA:21,2,0,0
BRDA:21,2,1,0
BRDA:26,3,0,0
BRDA:26,3,1,0
BRDA:44,4,0,0
BRDA:44,4,1,0
BRDA:49,5,0,0
BRDA:49,5,1,0
BRDA:49,6,0,0
BRDA:49,6,1,0
BRDA:73,7,0,0
BRDA:73,7,1,0
BRDA:74,8,0,0
BRDA:74,8,1,0
BRDA:78,9,0,0
BRDA:78,9,1,0
BRDA:79,10,0,0
BRDA:79,10,1,0
BRDA:80,11,0,0
BRDA:80,11,1,0
BRDA:81,12,0,0
BRDA:81,12,1,0
BRDA:82,13,0,0
BRDA:82,13,1,0
BRDA:83,14,0,0
BRDA:83,14,1,0
BRDA:84,15,0,0
BRDA:84,15,1,0
BRDA:85,16,0,0
BRDA:85,16,1,0
BRDA:85,17,0,0
BRDA:85,17,1,0
BRDA:85,18,0,0
BRDA:85,18,1,0
BRDA:86,19,0,0
BRDA:86,19,1,0
BRDA:103,20,0,0
BRDA:103,20,1,0
BRDA:109,21,0,0
BRDA:109,21,1,0
BRDA:109,22,0,0
BRDA:109,22,1,0
BRDA:109,23,0,0
BRDA:109,23,1,0
BRDA:110,24,0,0
BRDA:110,24,1,0
BRDA:110,25,0,0
BRDA:110,25,1,0
BRDA:114,26,0,0
BRDA:114,26,1,0
BRDA:114,27,0,0
BRDA:114,27,1,0
BRDA:114,28,0,0
BRDA:114,28,1,0
BRDA:115,29,0,0
BRDA:115,29,1,0
BRDA:115,30,0,0
BRDA:115,30,1,0
BRDA:115,31,0,0
BRDA:115,31,1,0
BRDA:116,32,0,0
BRDA:116,32,1,0
BRDA:121,33,0,0
BRDA:121,33,1,0
BRDA:121,34,0,0
BRDA:121,34,1,0
BRDA:132,35,0,0
BRDA:132,35,1,0
BRDA:132,36,0,0
BRDA:132,36,1,0
BRDA:137,37,0,0
BRDA:137,37,1,0
BRF:76
BRH:0
end_of_record
