TN:
SF:public/js/animacao.js
FN:26,configurarAnimacao
FN:39,animarTexto
FN:40,(anonymous_2)
FN:65,(anonymous_3)
FN:74,(anonymous_4)
FN:104,(anonymous_5)
FN:120,animarFilaTextos
FN:137,cancelarAnimacoes
FN:142,(anonymous_8)
FN:151,obterEstatisticasAnimacao
FN:159,obterConfiguracao
FN:167,temAnimacaoEmAndamento
FN:174,resetarEstatisticas
FNF:13
FNH:13
FNDA:5,configurarAnimacao
FNDA:7,animarTexto
FNDA:7,(anonymous_2)
FNDA:5,(anonymous_3)
FNDA:24,(anonymous_4)
FNDA:5,(anonymous_5)
FNDA:3,animarFilaTextos
FNDA:25,cancelarAnimacoes
FNDA:9,(anonymous_8)
FNDA:3,obterEstatisticasAnimacao
FNDA:4,obterConfiguracao
FNDA:2,temAnimacaoEmAndamento
FNDA:53,resetarEstatisticas
DA:5,1
DA:12,1
DA:18,1
DA:19,1
DA:27,5
DA:28,3
DA:40,7
DA:41,7
DA:42,2
DA:43,2
DA:46,5
DA:47,5
DA:48,5
DA:49,5
DA:52,5
DA:53,5
DA:56,5
DA:57,5
DA:61,5
DA:62,5
DA:65,5
DA:66,5
DA:67,0
DA:68,0
DA:71,5
DA:72,5
DA:74,5
DA:75,24
DA:76,0
DA:77,0
DA:80,24
DA:81,19
DA:82,19
DA:83,19
DA:85,19
DA:86,15
DA:87,15
DA:90,19
DA:91,19
DA:93,19
DA:96,5
DA:97,5
DA:99,5
DA:100,5
DA:101,5
DA:104,5
DA:106,5
DA:110,5
DA:121,3
DA:122,2
DA:125,1
DA:126,1
DA:127,1
DA:130,0
DA:138,25
DA:139,25
DA:142,25
DA:143,9
DA:152,3
DA:160,4
DA:168,2
DA:175,53
LF:62
LH:57
BRDA:27,0,0,3
BRDA:27,0,1,2
BRDA:27,1,0,5
BRDA:27,1,1,3
BRDA:39,2,0,0
BRDA:41,3,0,2
BRDA:41,3,1,5
BRDA:41,4,0,7
BRDA:41,4,1,6
BRDA:46,5,0,5
BRDA:46,5,1,5
BRDA:47,6,0,5
BRDA:47,6,1,0
BRDA:49,7,0,5
BRDA:49,7,1,4
BRDA:56,8,0,5
BRDA:56,8,1,0
BRDA:66,9,0,0
BRDA:66,9,1,5
BRDA:66,10,0,5
BRDA:66,10,1,5
BRDA:75,11,0,0
BRDA:75,11,1,24
BRDA:75,12,0,24
BRDA:75,12,1,24
BRDA:80,13,0,19
BRDA:80,13,1,5
BRDA:85,14,0,15
BRDA:85,14,1,4
BRDA:121,15,0,2
BRDA:121,15,1,1
BRDA:121,16,0,3
BRDA:121,16,1,2
BRDA:126,17,0,1
BRDA:126,17,1,0
BRDA:130,18,0,0
BRDA:130,18,1,0
BRF:37
BRH:29
end_of_record
TN:
SF:public/js/api.js
FN:9,getClubs
FN:17,getPlayers
FN:26,getPlayersByClub
FN:29,(anonymous_3)
FN:33,(anonymous_4)
FN:42,getPartidas
FN:50,getDestaques
FN:60,fetch_safe
FNF:8
FNH:0
FNDA:0,getClubs
FNDA:0,getPlayers
FNDA:0,getPlayersByClub
FNDA:0,(anonymous_3)
FNDA:0,(anonymous_4)
FNDA:0,getPartidas
FNDA:0,getDestaques
FNDA:0,fetch_safe
DA:3,0
DA:10,0
DA:18,0
DA:27,0
DA:28,0
DA:29,0
DA:31,0
DA:32,0
DA:33,0
DA:43,0
DA:51,0
DA:61,0
DA:62,0
DA:67,0
DA:68,0
DA:71,0
DA:72,0
DA:74,0
DA:77,0
DA:78,0
DA:79,0
DA:80,0
DA:81,0
DA:82,0
DA:83,0
DA:84,0
DA:87,0
LF:27
LH:0
BRDA:67,0,0,0
BRDA:67,0,1,0
BRDA:77,1,0,0
BRDA:77,1,1,0
BRDA:79,2,0,0
BRDA:79,2,1,0
BRDA:81,3,0,0
BRDA:81,3,1,0
BRDA:83,4,0,0
BRDA:83,4,1,0
BRF:10
BRH:0
end_of_record
TN:
SF:public/js/estado.js
FN:11,estadoInicial
FN:34,getEstado
FN:51,setEstado
FN:65,salvarResultado
FN:78,resetEstado
FN:90,ultimoResultado
FN:102,atualizarTabela
FN:115,obterTabelaAtualizada
FN:137,atualizarEstatisticas
FNF:9
FNH:0
FNDA:0,estadoInicial
FNDA:0,getEstado
FNDA:0,setEstado
FNDA:0,salvarResultado
FNDA:0,resetEstado
FNDA:0,ultimoResultado
FNDA:0,atualizarTabela
FNDA:0,obterTabelaAtualizada
FNDA:0,atualizarEstatisticas
DA:5,0
DA:12,0
DA:35,0
DA:36,0
DA:37,0
DA:38,0
DA:41,0
DA:44,0
DA:52,0
DA:53,0
DA:54,0
DA:55,0
DA:57,0
DA:66,0
DA:67,0
DA:68,0
DA:69,0
DA:71,0
DA:79,0
DA:80,0
DA:82,0
DA:91,0
DA:92,0
DA:93,0
DA:95,0
DA:103,0
DA:116,0
DA:117,0
DA:118,0
DA:121,0
DA:123,0
DA:124,0
DA:128,0
DA:129,0
DA:130,0
DA:138,0
DA:139,0
LF:37
LH:0
BRDA:37,0,0,0
BRDA:37,0,1,0
BRDA:68,1,0,0
BRDA:68,1,1,0
BRDA:92,2,0,0
BRDA:92,2,1,0
BRDA:92,3,0,0
BRDA:92,3,1,0
BRDA:115,4,0,0
BRDA:118,5,0,0
BRDA:118,5,1,0
BRDA:123,6,0,0
BRDA:123,6,1,0
BRDA:123,7,0,0
BRDA:123,7,1,0
BRDA:123,7,2,0
BRF:16
BRH:0
end_of_record
TN:
SF:public/js/historico.js
FN:9,adicionarResultadoAoHistorico
FN:28,obterHistoricoCompleto
FN:47,filtrarHistoricoPorAdversario
FN:49,(anonymous_3)
FN:60,calcularEstatisticasSeason
FN:73,(anonymous_5)
FN:100,renderCartaoHistorico
FN:153,renderTimelineHistorico
FN:164,(anonymous_8)
FN:173,(anonymous_9)
FN:186,obterUltimosResultados
FN:188,(anonymous_11)
FNF:12
FNH:12
FNDA:7,adicionarResultadoAoHistorico
FNDA:19,obterHistoricoCompleto
FNDA:4,filtrarHistoricoPorAdversario
FNDA:10,(anonymous_3)
FNDA:8,calcularEstatisticasSeason
FNDA:9,(anonymous_5)
FNDA:14,renderCartaoHistorico
FNDA:6,renderTimelineHistorico
FNDA:4,(anonymous_8)
FNDA:5,(anonymous_9)
FNDA:5,obterUltimosResultados
FNDA:44,(anonymous_11)
DA:10,7
DA:12,5
DA:13,5
DA:14,5
DA:18,5
DA:20,0
DA:29,19
DA:30,19
DA:31,19
DA:32,7
DA:34,12
DA:35,11
DA:37,1
DA:38,1
DA:48,4
DA:49,4
DA:50,10
DA:51,10
DA:61,8
DA:62,3
DA:65,8
DA:73,8
DA:74,9
DA:75,9
DA:76,9
DA:79,9
DA:80,9
DA:82,9
DA:83,4
DA:84,5
DA:85,2
DA:87,3
DA:91,8
DA:92,8
DA:101,14
DA:102,14
DA:104,14
DA:105,14
DA:106,14
DA:107,14
DA:108,14
DA:109,14
DA:110,14
DA:112,14
DA:113,14
DA:115,14
DA:145,14
DA:154,6
DA:156,5
DA:158,5
DA:159,3
DA:160,3
DA:164,2
DA:165,4
DA:166,4
DA:167,4
DA:170,2
DA:171,2
DA:173,2
DA:174,5
DA:175,5
DA:178,2
DA:187,5
DA:188,5
DA:189,44
DA:190,44
DA:191,44
DA:193,5
LF:68
LH:67
BRDA:10,0,0,2
BRDA:10,0,1,5
BRDA:31,1,0,7
BRDA:31,1,1,12
BRDA:35,2,0,10
BRDA:35,2,1,1
BRDA:50,3,0,10
BRDA:50,3,1,1
BRDA:51,4,0,10
BRDA:51,4,1,6
BRDA:61,5,0,3
BRDA:61,5,1,5
BRDA:74,6,0,9
BRDA:74,6,1,1
BRDA:75,7,0,9
BRDA:75,7,1,2
BRDA:76,8,0,9
BRDA:76,8,1,1
BRDA:82,9,0,4
BRDA:82,9,1,5
BRDA:84,10,0,2
BRDA:84,10,1,3
BRDA:104,11,0,14
BRDA:104,11,1,2
BRDA:105,12,0,14
BRDA:105,12,1,4
BRDA:106,13,0,14
BRDA:106,13,1,2
BRDA:107,14,0,14
BRDA:107,14,1,2
BRDA:108,15,0,14
BRDA:108,15,1,14
BRDA:109,16,0,14
BRDA:109,16,1,14
BRDA:110,17,0,14
BRDA:110,17,1,14
BRDA:112,18,0,5
BRDA:112,18,1,9
BRDA:112,19,0,2
BRDA:112,19,1,7
BRDA:113,20,0,5
BRDA:113,20,1,9
BRDA:113,21,0,2
BRDA:113,21,1,7
BRDA:117,22,0,14
BRDA:117,22,1,2
BRDA:122,23,0,14
BRDA:122,23,1,9
BRDA:136,24,0,14
BRDA:136,24,1,14
BRDA:140,25,0,0
BRDA:140,25,1,14
BRDA:154,26,0,1
BRDA:154,26,1,5
BRDA:158,27,0,3
BRDA:158,27,1,2
BRDA:158,28,0,5
BRDA:158,28,1,5
BRDA:165,29,0,4
BRDA:165,29,1,0
BRDA:166,30,0,4
BRDA:166,30,1,0
BRDA:186,31,0,2
BRDA:189,32,0,44
BRDA:189,32,1,0
BRDA:190,33,0,44
BRDA:190,33,1,0
BRF:67
BRH:62
end_of_record
TN:
SF:public/js/narracao-extended.js
FN:136,narrarLance
FN:160,getPhrasesForType
FN:168,obterTotalDeFrases
FN:181,obterContagemPorTipo
FN:190,obterTiposDisponíveis
FNF:5
FNH:5
FNDA:42,narrarLance
FNDA:123,getPhrasesForType
FNDA:3,obterTotalDeFrases
FNDA:37,obterContagemPorTipo
FNDA:15,obterTiposDisponíveis
DA:6,1
DA:137,42
DA:138,42
DA:139,2
DA:142,40
DA:143,40
DA:148,40
DA:149,2
DA:152,40
DA:161,123
DA:169,3
DA:170,3
DA:171,27
DA:173,3
DA:182,37
DA:183,37
DA:191,15
LF:17
LH:17
BRDA:138,0,0,2
BRDA:138,0,1,40
BRDA:138,1,0,42
BRDA:138,1,1,42
BRDA:148,2,0,2
BRDA:148,2,1,38
BRDA:161,3,0,123
BRDA:161,3,1,3
BRDA:183,4,0,36
BRDA:183,4,1,1
BRF:10
BRH:10
end_of_record
TN:
SF:public/js/narracao.js
FN:39,narrarLance
FN:63,getPhrasesForType
FNF:2
FNH:0
FNDA:0,narrarLance
FNDA:0,getPhrasesForType
DA:5,0
DA:40,0
DA:41,0
DA:42,0
DA:45,0
DA:46,0
DA:51,0
DA:52,0
DA:55,0
DA:64,0
LF:10
LH:0
BRDA:41,0,0,0
BRDA:41,0,1,0
BRDA:41,1,0,0
BRDA:41,1,1,0
BRDA:51,2,0,0
BRDA:51,2,1,0
BRDA:64,3,0,0
BRDA:64,3,1,0
BRF:8
BRH:0
end_of_record
TN:
SF:public/js/simulacao.js
FN:8,(anonymous_0)
FN:24,gerarPartida
FN:72,(anonymous_2)
FN:73,(anonymous_3)
FN:76,(anonymous_4)
FN:78,(anonymous_5)
FN:95,calcularForca
FN:101,(anonymous_7)
FN:103,(anonymous_8)
FN:107,(anonymous_9)
FN:109,(anonymous_10)
FN:125,gerarLance
FN:161,sortearTipoLance
FN:180,verificarGol
FNF:14
FNH:13
FNDA:36,(anonymous_0)
FNDA:9,gerarPartida
FNDA:2,(anonymous_2)
FNDA:0,(anonymous_3)
FNDA:99,(anonymous_4)
FNDA:99,(anonymous_5)
FNDA:18,calcularForca
FNDA:198,(anonymous_7)
FNDA:39,(anonymous_8)
FNDA:198,(anonymous_9)
FNDA:67,(anonymous_10)
FNDA:212,gerarLance
FNDA:212,sortearTipoLance
FNDA:10,verificarGol
DA:5,1
DA:6,1
DA:7,1
DA:8,36
DA:10,1
DA:26,9
DA:32,9
DA:39,9
DA:40,9
DA:41,9
DA:42,9
DA:44,9
DA:46,212
DA:47,212
DA:48,212
DA:51,212
DA:53,212
DA:55,212
DA:56,2
DA:57,2
DA:58,2
DA:60,0
DA:61,0
DA:65,212
DA:69,9
DA:72,2
DA:73,0
DA:77,99
DA:79,99
DA:83,9
DA:96,18
DA:97,0
DA:101,198
DA:102,18
DA:103,39
DA:107,198
DA:108,18
DA:109,67
DA:112,18
DA:126,212
DA:129,212
DA:130,212
DA:133,212
DA:134,212
DA:136,212
DA:145,212
DA:146,10
DA:147,10
DA:148,2
DA:150,8
DA:154,212
DA:162,212
DA:163,212
DA:165,212
DA:166,504
DA:167,504
DA:168,212
DA:172,0
DA:182,10
DA:183,10
LF:60
LH:55
BRDA:27,0,0,9
BRDA:27,0,1,9
BRDA:33,1,0,9
BRDA:33,1,1,0
BRDA:34,2,0,9
BRDA:34,2,1,0
BRDA:35,3,0,9
BRDA:35,3,1,0
BRDA:46,4,0,135
BRDA:46,4,1,77
BRDA:47,5,0,135
BRDA:47,5,1,77
BRDA:48,6,0,135
BRDA:48,6,1,77
BRDA:55,7,0,2
BRDA:55,7,1,210
BRDA:56,8,0,2
BRDA:56,8,1,0
BRDA:58,9,0,2
BRDA:58,9,1,2
BRDA:61,10,0,0
BRDA:61,10,1,0
BRDA:77,11,0,15
BRDA:77,11,1,84
BRDA:77,12,0,99
BRDA:77,12,1,9
BRDA:79,13,0,15
BRDA:79,13,1,84
BRDA:79,14,0,99
BRDA:79,14,1,9
BRDA:96,15,0,0
BRDA:96,15,1,18
BRDA:96,16,0,18
BRDA:96,16,1,18
BRDA:102,17,0,18
BRDA:102,17,1,0
BRDA:107,18,0,198
BRDA:107,18,1,172
BRDA:108,19,0,18
BRDA:108,19,1,0
BRDA:130,20,0,212
BRDA:130,20,1,0
BRDA:134,21,0,212
BRDA:134,21,1,0
BRDA:140,22,0,44
BRDA:140,22,1,168
BRDA:145,23,0,10
BRDA:145,23,1,202
BRDA:147,24,0,2
BRDA:147,24,1,8
BRDA:167,25,0,212
BRDA:167,25,1,292
BRF:52
BRH:41
end_of_record
TN:
SF:public/js/standings.js
FN:14,obterTabelaClassificacao
FN:43,renderTabelaClassificacao
FN:72,(anonymous_2)
FN:102,ordenarTabela
FN:107,(anonymous_4)
FN:131,obterPosicaoDoClube
FN:136,(anonymous_6)
FNF:7
FNH:6
FNDA:0,obterTabelaClassificacao
FNDA:8,renderTabelaClassificacao
FNDA:10,(anonymous_2)
FNDA:8,ordenarTabela
FNDA:17,(anonymous_4)
FNDA:9,obterPosicaoDoClube
FNDA:9,(anonymous_6)
DA:15,0
DA:16,0
DA:17,0
DA:18,0
DA:20,0
DA:21,0
DA:23,0
DA:24,0
DA:25,0
DA:26,0
DA:27,0
DA:29,0
DA:31,0
DA:32,0
DA:44,8
DA:47,7
DA:49,7
DA:50,1
DA:51,1
DA:55,6
DA:73,10
DA:74,10
DA:75,10
DA:94,6
DA:103,8
DA:104,3
DA:107,5
DA:109,17
DA:110,9
DA:114,8
DA:115,8
DA:116,8
DA:117,5
DA:121,3
DA:132,9
DA:133,5
DA:136,9
DA:137,4
LF:38
LH:24
BRDA:17,0,0,0
BRDA:17,0,1,0
BRDA:21,1,0,0
BRDA:21,1,1,0
BRDA:21,2,0,0
BRDA:21,2,1,0
BRDA:26,3,0,0
BRDA:26,3,1,0
BRDA:44,4,0,1
BRDA:44,4,1,7
BRDA:49,5,0,1
BRDA:49,5,1,6
BRDA:49,6,0,7
BRDA:49,6,1,7
BRDA:73,7,0,10
BRDA:73,7,1,2
BRDA:74,8,0,1
BRDA:74,8,1,9
BRDA:78,9,0,10
BRDA:78,9,1,0
BRDA:79,10,0,10
BRDA:79,10,1,2
BRDA:80,11,0,10
BRDA:80,11,1,2
BRDA:81,12,0,10
BRDA:81,12,1,6
BRDA:82,13,0,10
BRDA:82,13,1,2
BRDA:83,14,0,10
BRDA:83,14,1,1
BRDA:84,15,0,10
BRDA:84,15,1,1
BRDA:85,16,0,8
BRDA:85,16,1,2
BRDA:85,17,0,2
BRDA:85,17,1,1
BRDA:85,18,0,2
BRDA:85,18,1,1
BRDA:86,19,0,10
BRDA:86,19,1,2
BRDA:103,20,0,3
BRDA:103,20,1,5
BRDA:109,21,0,9
BRDA:109,21,1,8
BRDA:109,22,0,17
BRDA:109,22,1,1
BRDA:109,23,0,17
BRDA:109,23,1,0
BRDA:110,24,0,9
BRDA:110,24,1,1
BRDA:110,25,0,9
BRDA:110,25,1,0
BRDA:114,26,0,8
BRDA:114,26,1,0
BRDA:114,27,0,0
BRDA:114,27,1,0
BRDA:114,28,0,0
BRDA:114,28,1,0
BRDA:115,29,0,8
BRDA:115,29,1,0
BRDA:115,30,0,0
BRDA:115,30,1,0
BRDA:115,31,0,0
BRDA:115,31,1,0
BRDA:116,32,0,5
BRDA:116,32,1,3
BRDA:121,33,0,3
BRDA:121,33,1,0
BRDA:121,34,0,3
BRDA:121,34,1,0
BRDA:132,35,0,5
BRDA:132,35,1,4
BRDA:132,36,0,9
BRDA:132,36,1,6
BRDA:137,37,0,3
BRDA:137,37,1,1
BRF:76
BRH:53
end_of_record
